{"C:\\Users\\Ana Cagliari\\Documents\\Ana Cappellari\\GitHub - anacagliari\\poo-pucrs\\Aeronave.js": {"path":"C:\\Users\\Ana Cagliari\\Documents\\Ana Cappellari\\GitHub - anacagliari\\poo-pucrs\\Aeronave.js","statementMap":{"0":{"start":{"line":15,"column":8},"end":{"line":15,"column":60}},"1":{"start":{"line":17,"column":8},"end":{"line":17,"column":32}},"2":{"start":{"line":18,"column":8},"end":{"line":18,"column":54}},"3":{"start":{"line":19,"column":8},"end":{"line":19,"column":36}},"4":{"start":{"line":23,"column":8},"end":{"line":23,"column":29}},"5":{"start":{"line":27,"column":8},"end":{"line":27,"column":40}},"6":{"start":{"line":31,"column":8},"end":{"line":31,"column":31}},"7":{"start":{"line":35,"column":8},"end":{"line":35,"column":135}}},"fnMap":{"0":{"name":"(anonymous_0)","decl":{"start":{"line":14,"column":4},"end":{"line":14,"column":5}},"loc":{"start":{"line":14,"column":56},"end":{"line":20,"column":5}},"line":14},"1":{"name":"(anonymous_1)","decl":{"start":{"line":22,"column":4},"end":{"line":22,"column":5}},"loc":{"start":{"line":22,"column":17},"end":{"line":24,"column":5}},"line":22},"2":{"name":"(anonymous_2)","decl":{"start":{"line":26,"column":4},"end":{"line":26,"column":5}},"loc":{"start":{"line":26,"column":28},"end":{"line":28,"column":5}},"line":26},"3":{"name":"(anonymous_3)","decl":{"start":{"line":30,"column":4},"end":{"line":30,"column":5}},"loc":{"start":{"line":30,"column":19},"end":{"line":32,"column":5}},"line":30},"4":{"name":"(anonymous_4)","decl":{"start":{"line":34,"column":4},"end":{"line":34,"column":5}},"loc":{"start":{"line":34,"column":14},"end":{"line":36,"column":5}},"line":34}},"branchMap":{},"s":{"0":18,"1":18,"2":18,"3":18,"4":7,"5":1,"6":1,"7":1},"f":{"0":18,"1":7,"2":1,"3":1,"4":1},"b":{},"_coverageSchema":"1a1c01bbd47fc00a2c39e90264f33305004495a9","hash":"2f34a962dd9e340937a1982105dd3a0c14d4b1a1"}
,"C:\\Users\\Ana Cagliari\\Documents\\Ana Cappellari\\GitHub - anacagliari\\poo-pucrs\\AeronaveCarga.js": {"path":"C:\\Users\\Ana Cagliari\\Documents\\Ana Cappellari\\GitHub - anacagliari\\poo-pucrs\\AeronaveCarga.js","statementMap":{"0":{"start":{"line":16,"column":8},"end":{"line":16,"column":80}},"1":{"start":{"line":17,"column":8},"end":{"line":17,"column":62}},"2":{"start":{"line":18,"column":8},"end":{"line":18,"column":32}},"3":{"start":{"line":22,"column":8},"end":{"line":22,"column":29}},"4":{"start":{"line":26,"column":8},"end":{"line":26,"column":109}}},"fnMap":{"0":{"name":"(anonymous_0)","decl":{"start":{"line":15,"column":4},"end":{"line":15,"column":5}},"loc":{"start":{"line":15,"column":74},"end":{"line":19,"column":5}},"line":15},"1":{"name":"(anonymous_1)","decl":{"start":{"line":21,"column":4},"end":{"line":21,"column":5}},"loc":{"start":{"line":21,"column":17},"end":{"line":23,"column":5}},"line":21},"2":{"name":"(anonymous_2)","decl":{"start":{"line":25,"column":4},"end":{"line":25,"column":5}},"loc":{"start":{"line":25,"column":14},"end":{"line":27,"column":5}},"line":25}},"branchMap":{},"s":{"0":3,"1":3,"2":3,"3":0,"4":0},"f":{"0":3,"1":0,"2":0},"b":{},"_coverageSchema":"1a1c01bbd47fc00a2c39e90264f33305004495a9","hash":"8db48621a3215f9e670cb4eec58687dd03b2612e"}
,"C:\\Users\\Ana Cagliari\\Documents\\Ana Cappellari\\GitHub - anacagliari\\poo-pucrs\\AeronaveComercial.js": {"path":"C:\\Users\\Ana Cagliari\\Documents\\Ana Cappellari\\GitHub - anacagliari\\poo-pucrs\\AeronaveComercial.js","statementMap":{"0":{"start":{"line":16,"column":8},"end":{"line":16,"column":70}},"1":{"start":{"line":17,"column":8},"end":{"line":17,"column":53}},"2":{"start":{"line":18,"column":8},"end":{"line":18,"column":32}},"3":{"start":{"line":22,"column":8},"end":{"line":22,"column":29}},"4":{"start":{"line":26,"column":8},"end":{"line":26,"column":71}}},"fnMap":{"0":{"name":"(anonymous_0)","decl":{"start":{"line":15,"column":4},"end":{"line":15,"column":5}},"loc":{"start":{"line":15,"column":65},"end":{"line":19,"column":5}},"line":15},"1":{"name":"(anonymous_1)","decl":{"start":{"line":21,"column":4},"end":{"line":21,"column":5}},"loc":{"start":{"line":21,"column":17},"end":{"line":23,"column":5}},"line":21},"2":{"name":"(anonymous_2)","decl":{"start":{"line":25,"column":4},"end":{"line":25,"column":5}},"loc":{"start":{"line":25,"column":14},"end":{"line":27,"column":5}},"line":25}},"branchMap":{},"s":{"0":12,"1":12,"2":12,"3":0,"4":1},"f":{"0":12,"1":0,"2":1},"b":{},"_coverageSchema":"1a1c01bbd47fc00a2c39e90264f33305004495a9","hash":"17f53596eee34d965c5f0919abcc55da3e355e4f"}
,"C:\\Users\\Ana Cagliari\\Documents\\Ana Cappellari\\GitHub - anacagliari\\poo-pucrs\\AeronaveParticular.js": {"path":"C:\\Users\\Ana Cagliari\\Documents\\Ana Cappellari\\GitHub - anacagliari\\poo-pucrs\\AeronaveParticular.js","statementMap":{"0":{"start":{"line":16,"column":8},"end":{"line":16,"column":70}},"1":{"start":{"line":17,"column":8},"end":{"line":17,"column":53}},"2":{"start":{"line":18,"column":8},"end":{"line":18,"column":46}},"3":{"start":{"line":22,"column":8},"end":{"line":22,"column":36}},"4":{"start":{"line":26,"column":8},"end":{"line":26,"column":112}}},"fnMap":{"0":{"name":"(anonymous_0)","decl":{"start":{"line":15,"column":4},"end":{"line":15,"column":5}},"loc":{"start":{"line":15,"column":72},"end":{"line":19,"column":5}},"line":15},"1":{"name":"(anonymous_1)","decl":{"start":{"line":21,"column":4},"end":{"line":21,"column":5}},"loc":{"start":{"line":21,"column":24},"end":{"line":23,"column":5}},"line":21},"2":{"name":"(anonymous_2)","decl":{"start":{"line":25,"column":4},"end":{"line":25,"column":5}},"loc":{"start":{"line":25,"column":14},"end":{"line":27,"column":5}},"line":25}},"branchMap":{},"s":{"0":6,"1":6,"2":6,"3":0,"4":0},"f":{"0":6,"1":0,"2":0},"b":{},"_coverageSchema":"1a1c01bbd47fc00a2c39e90264f33305004495a9","hash":"9be36239ae876b0f146b4743f7dd4d2c9f69a914"}
,"C:\\Users\\Ana Cagliari\\Documents\\Ana Cappellari\\GitHub - anacagliari\\poo-pucrs\\AeronavePassageiros.js": {"path":"C:\\Users\\Ana Cagliari\\Documents\\Ana Cappellari\\GitHub - anacagliari\\poo-pucrs\\AeronavePassageiros.js","statementMap":{"0":{"start":{"line":16,"column":8},"end":{"line":16,"column":80}},"1":{"start":{"line":17,"column":8},"end":{"line":17,"column":62}},"2":{"start":{"line":18,"column":8},"end":{"line":18,"column":46}},"3":{"start":{"line":22,"column":8},"end":{"line":22,"column":36}},"4":{"start":{"line":26,"column":8},"end":{"line":26,"column":121}}},"fnMap":{"0":{"name":"(anonymous_0)","decl":{"start":{"line":15,"column":4},"end":{"line":15,"column":5}},"loc":{"start":{"line":15,"column":81},"end":{"line":19,"column":5}},"line":15},"1":{"name":"(anonymous_1)","decl":{"start":{"line":21,"column":4},"end":{"line":21,"column":5}},"loc":{"start":{"line":21,"column":24},"end":{"line":23,"column":5}},"line":21},"2":{"name":"(anonymous_2)","decl":{"start":{"line":25,"column":4},"end":{"line":25,"column":5}},"loc":{"start":{"line":25,"column":14},"end":{"line":27,"column":5}},"line":25}},"branchMap":{},"s":{"0":9,"1":9,"2":9,"3":0,"4":1},"f":{"0":9,"1":0,"2":1},"b":{},"_coverageSchema":"1a1c01bbd47fc00a2c39e90264f33305004495a9","hash":"997ad0288fae5f06d5c1ce8c5fc6ff7f1a82290d"}
,"C:\\Users\\Ana Cagliari\\Documents\\Ana Cappellari\\GitHub - anacagliari\\poo-pucrs\\Aerovia.js": {"path":"C:\\Users\\Ana Cagliari\\Documents\\Ana Cappellari\\GitHub - anacagliari\\poo-pucrs\\Aerovia.js","statementMap":{"0":{"start":{"line":16,"column":8},"end":{"line":16,"column":70}},"1":{"start":{"line":18,"column":8},"end":{"line":18,"column":22}},"2":{"start":{"line":19,"column":8},"end":{"line":19,"column":30}},"3":{"start":{"line":20,"column":8},"end":{"line":20,"column":32}},"4":{"start":{"line":21,"column":8},"end":{"line":21,"column":32}},"5":{"start":{"line":25,"column":8},"end":{"line":25,"column":24}},"6":{"start":{"line":29,"column":8},"end":{"line":29,"column":28}},"7":{"start":{"line":33,"column":8},"end":{"line":33,"column":29}},"8":{"start":{"line":37,"column":8},"end":{"line":37,"column":29}},"9":{"start":{"line":41,"column":8},"end":{"line":41,"column":144}}},"fnMap":{"0":{"name":"(anonymous_0)","decl":{"start":{"line":15,"column":4},"end":{"line":15,"column":5}},"loc":{"start":{"line":15,"column":46},"end":{"line":22,"column":5}},"line":15},"1":{"name":"(anonymous_1)","decl":{"start":{"line":24,"column":4},"end":{"line":24,"column":5}},"loc":{"start":{"line":24,"column":12},"end":{"line":26,"column":5}},"line":24},"2":{"name":"(anonymous_2)","decl":{"start":{"line":28,"column":4},"end":{"line":28,"column":5}},"loc":{"start":{"line":28,"column":16},"end":{"line":30,"column":5}},"line":28},"3":{"name":"(anonymous_3)","decl":{"start":{"line":32,"column":4},"end":{"line":32,"column":5}},"loc":{"start":{"line":32,"column":17},"end":{"line":34,"column":5}},"line":32},"4":{"name":"(anonymous_4)","decl":{"start":{"line":36,"column":4},"end":{"line":36,"column":5}},"loc":{"start":{"line":36,"column":17},"end":{"line":38,"column":5}},"line":36},"5":{"name":"(anonymous_5)","decl":{"start":{"line":40,"column":4},"end":{"line":40,"column":5}},"loc":{"start":{"line":40,"column":14},"end":{"line":42,"column":5}},"line":40}},"branchMap":{},"s":{"0":18,"1":18,"2":18,"3":18,"4":18,"5":8,"6":7,"7":3,"8":2,"9":5},"f":{"0":18,"1":8,"2":7,"3":3,"4":2,"5":5},"b":{},"_coverageSchema":"1a1c01bbd47fc00a2c39e90264f33305004495a9","hash":"c37b5c7835cbcb4cfbfb7bc8ac5b76f1bacc7b6c"}
,"C:\\Users\\Ana Cagliari\\Documents\\Ana Cappellari\\GitHub - anacagliari\\poo-pucrs\\Menu.js": {"path":"C:\\Users\\Ana Cagliari\\Documents\\Ana Cappellari\\GitHub - anacagliari\\poo-pucrs\\Menu.js","statementMap":{"0":{"start":{"line":34,"column":8},"end":{"line":34,"column":51}},"1":{"start":{"line":35,"column":8},"end":{"line":35,"column":53}},"2":{"start":{"line":36,"column":8},"end":{"line":36,"column":55}},"3":{"start":{"line":37,"column":8},"end":{"line":37,"column":54}},"4":{"start":{"line":46,"column":29},"end":{"line":46,"column":38}},"5":{"start":{"line":47,"column":8},"end":{"line":52,"column":9}},"6":{"start":{"line":48,"column":12},"end":{"line":48,"column":76}},"7":{"start":{"line":50,"column":12},"end":{"line":50,"column":38}},"8":{"start":{"line":51,"column":12},"end":{"line":51,"column":32}},"9":{"start":{"line":54,"column":8},"end":{"line":60,"column":9}},"10":{"start":{"line":55,"column":12},"end":{"line":55,"column":51}},"11":{"start":{"line":56,"column":12},"end":{"line":56,"column":45}},"12":{"start":{"line":58,"column":12},"end":{"line":58,"column":51}},"13":{"start":{"line":59,"column":12},"end":{"line":59,"column":45}},"14":{"start":{"line":69,"column":29},"end":{"line":69,"column":38}},"15":{"start":{"line":70,"column":16},"end":{"line":70,"column":25}},"16":{"start":{"line":71,"column":8},"end":{"line":76,"column":9}},"17":{"start":{"line":72,"column":12},"end":{"line":72,"column":92}},"18":{"start":{"line":73,"column":3},"end":{"line":73,"column":59}},"19":{"start":{"line":75,"column":12},"end":{"line":75,"column":38}},"20":{"start":{"line":78,"column":8},"end":{"line":83,"column":9}},"21":{"start":{"line":79,"column":3},"end":{"line":79,"column":71}},"22":{"start":{"line":80,"column":12},"end":{"line":80,"column":65}},"23":{"start":{"line":82,"column":12},"end":{"line":82,"column":51}},"24":{"start":{"line":91,"column":21},"end":{"line":91,"column":30}},"25":{"start":{"line":92,"column":8},"end":{"line":96,"column":9}},"26":{"start":{"line":93,"column":12},"end":{"line":93,"column":61}},"27":{"start":{"line":95,"column":12},"end":{"line":95,"column":38}},"28":{"start":{"line":97,"column":8},"end":{"line":101,"column":9}},"29":{"start":{"line":98,"column":12},"end":{"line":98,"column":43}},"30":{"start":{"line":100,"column":12},"end":{"line":100,"column":50}},"31":{"start":{"line":103,"column":22},"end":{"line":103,"column":31}},"32":{"start":{"line":104,"column":8},"end":{"line":108,"column":9}},"33":{"start":{"line":105,"column":12},"end":{"line":105,"column":68}},"34":{"start":{"line":107,"column":12},"end":{"line":107,"column":38}},"35":{"start":{"line":109,"column":8},"end":{"line":113,"column":9}},"36":{"start":{"line":110,"column":12},"end":{"line":110,"column":44}},"37":{"start":{"line":112,"column":12},"end":{"line":112,"column":51}},"38":{"start":{"line":115,"column":23},"end":{"line":115,"column":32}},"39":{"start":{"line":116,"column":8},"end":{"line":120,"column":9}},"40":{"start":{"line":117,"column":12},"end":{"line":117,"column":73}},"41":{"start":{"line":119,"column":12},"end":{"line":119,"column":38}},"42":{"start":{"line":121,"column":8},"end":{"line":125,"column":9}},"43":{"start":{"line":122,"column":12},"end":{"line":122,"column":45}},"44":{"start":{"line":124,"column":12},"end":{"line":124,"column":52}},"45":{"start":{"line":126,"column":2},"end":{"line":133,"column":3}},"46":{"start":{"line":127,"column":12},"end":{"line":127,"column":97}},"47":{"start":{"line":128,"column":3},"end":{"line":128,"column":68}},"48":{"start":{"line":129,"column":3},"end":{"line":129,"column":70}},"49":{"start":{"line":130,"column":12},"end":{"line":130,"column":67}},"50":{"start":{"line":132,"column":3},"end":{"line":132,"column":29}},"51":{"start":{"line":140,"column":27},"end":{"line":140,"column":54}},"52":{"start":{"line":142,"column":8},"end":{"line":142,"column":41}},"53":{"start":{"line":144,"column":8},"end":{"line":147,"column":9}},"54":{"start":{"line":144,"column":21},"end":{"line":144,"column":22}},"55":{"start":{"line":145,"column":27},"end":{"line":145,"column":42}},"56":{"start":{"line":146,"column":12},"end":{"line":146,"column":43}},"57":{"start":{"line":156,"column":29},"end":{"line":156,"column":38}},"58":{"start":{"line":157,"column":8},"end":{"line":161,"column":9}},"59":{"start":{"line":158,"column":12},"end":{"line":158,"column":69}},"60":{"start":{"line":160,"column":12},"end":{"line":160,"column":38}},"61":{"start":{"line":163,"column":8},"end":{"line":167,"column":9}},"62":{"start":{"line":164,"column":12},"end":{"line":164,"column":51}},"63":{"start":{"line":166,"column":12},"end":{"line":166,"column":50}},"64":{"start":{"line":174,"column":28},"end":{"line":174,"column":56}},"65":{"start":{"line":176,"column":8},"end":{"line":176,"column":42}},"66":{"start":{"line":178,"column":8},"end":{"line":181,"column":9}},"67":{"start":{"line":178,"column":21},"end":{"line":178,"column":22}},"68":{"start":{"line":179,"column":28},"end":{"line":179,"column":44}},"69":{"start":{"line":180,"column":12},"end":{"line":180,"column":44}},"70":{"start":{"line":188,"column":29},"end":{"line":188,"column":58}},"71":{"start":{"line":190,"column":8},"end":{"line":190,"column":43}},"72":{"start":{"line":192,"column":8},"end":{"line":195,"column":9}},"73":{"start":{"line":192,"column":21},"end":{"line":192,"column":22}},"74":{"start":{"line":193,"column":29},"end":{"line":193,"column":46}},"75":{"start":{"line":194,"column":12},"end":{"line":194,"column":45}},"76":{"start":{"line":203,"column":26},"end":{"line":203,"column":73}},"77":{"start":{"line":204,"column":8},"end":{"line":208,"column":9}},"78":{"start":{"line":205,"column":12},"end":{"line":205,"column":48}},"79":{"start":{"line":207,"column":12},"end":{"line":207,"column":56}},"80":{"start":{"line":216,"column":33},"end":{"line":216,"column":79}},"81":{"start":{"line":217,"column":8},"end":{"line":217,"column":49}},"82":{"start":{"line":218,"column":8},"end":{"line":227,"column":9}},"83":{"start":{"line":219,"column":12},"end":{"line":219,"column":64}},"84":{"start":{"line":221,"column":12},"end":{"line":226,"column":13}},"85":{"start":{"line":221,"column":25},"end":{"line":221,"column":26}},"86":{"start":{"line":222,"column":32},"end":{"line":222,"column":53}},"87":{"start":{"line":223,"column":30},"end":{"line":223,"column":83}},"88":{"start":{"line":224,"column":36},"end":{"line":224,"column":96}},"89":{"start":{"line":225,"column":16},"end":{"line":225,"column":64}},"90":{"start":{"line":235,"column":8},"end":{"line":235,"column":73}},"91":{"start":{"line":236,"column":35},"end":{"line":236,"column":93}},"92":{"start":{"line":237,"column":8},"end":{"line":237,"column":43}},"93":{"start":{"line":238,"column":8},"end":{"line":246,"column":9}},"94":{"start":{"line":239,"column":12},"end":{"line":239,"column":59}},"95":{"start":{"line":241,"column":12},"end":{"line":245,"column":13}},"96":{"start":{"line":241,"column":25},"end":{"line":241,"column":26}},"97":{"start":{"line":242,"column":32},"end":{"line":242,"column":55}},"98":{"start":{"line":243,"column":30},"end":{"line":243,"column":83}},"99":{"start":{"line":244,"column":16},"end":{"line":244,"column":129}},"100":{"start":{"line":253,"column":8},"end":{"line":259,"column":9}},"101":{"start":{"line":254,"column":12},"end":{"line":254,"column":61}},"102":{"start":{"line":255,"column":12},"end":{"line":255,"column":77}},"103":{"start":{"line":256,"column":12},"end":{"line":256,"column":63}},"104":{"start":{"line":258,"column":12},"end":{"line":258,"column":38}},"105":{"start":{"line":266,"column":8},"end":{"line":266,"column":47}}},"fnMap":{"0":{"name":"(anonymous_0)","decl":{"start":{"line":33,"column":4},"end":{"line":33,"column":5}},"loc":{"start":{"line":33,"column":18},"end":{"line":38,"column":5}},"line":33},"1":{"name":"(anonymous_1)","decl":{"start":{"line":45,"column":4},"end":{"line":45,"column":5}},"loc":{"start":{"line":45,"column":49},"end":{"line":61,"column":5}},"line":45},"2":{"name":"(anonymous_2)","decl":{"start":{"line":68,"column":4},"end":{"line":68,"column":5}},"loc":{"start":{"line":68,"column":49},"end":{"line":84,"column":5}},"line":68},"3":{"name":"(anonymous_3)","decl":{"start":{"line":90,"column":4},"end":{"line":90,"column":5}},"loc":{"start":{"line":90,"column":72},"end":{"line":134,"column":5}},"line":90},"4":{"name":"(anonymous_4)","decl":{"start":{"line":139,"column":4},"end":{"line":139,"column":5}},"loc":{"start":{"line":139,"column":23},"end":{"line":148,"column":5}},"line":139},"5":{"name":"(anonymous_5)","decl":{"start":{"line":155,"column":4},"end":{"line":155,"column":5}},"loc":{"start":{"line":155,"column":38},"end":{"line":168,"column":5}},"line":155},"6":{"name":"(anonymous_6)","decl":{"start":{"line":173,"column":4},"end":{"line":173,"column":5}},"loc":{"start":{"line":173,"column":24},"end":{"line":182,"column":5}},"line":173},"7":{"name":"(anonymous_7)","decl":{"start":{"line":187,"column":4},"end":{"line":187,"column":5}},"loc":{"start":{"line":187,"column":25},"end":{"line":196,"column":5}},"line":187},"8":{"name":"(anonymous_8)","decl":{"start":{"line":202,"column":4},"end":{"line":202,"column":5}},"loc":{"start":{"line":202,"column":29},"end":{"line":209,"column":5}},"line":202},"9":{"name":"(anonymous_9)","decl":{"start":{"line":215,"column":4},"end":{"line":215,"column":5}},"loc":{"start":{"line":215,"column":28},"end":{"line":228,"column":5}},"line":215},"10":{"name":"(anonymous_10)","decl":{"start":{"line":234,"column":4},"end":{"line":234,"column":5}},"loc":{"start":{"line":234,"column":40},"end":{"line":247,"column":5}},"line":234},"11":{"name":"(anonymous_11)","decl":{"start":{"line":252,"column":4},"end":{"line":252,"column":5}},"loc":{"start":{"line":252,"column":26},"end":{"line":260,"column":5}},"line":252},"12":{"name":"(anonymous_12)","decl":{"start":{"line":265,"column":4},"end":{"line":265,"column":5}},"loc":{"start":{"line":265,"column":21},"end":{"line":267,"column":5}},"line":265}},"branchMap":{"0":{"loc":{"start":{"line":54,"column":8},"end":{"line":60,"column":9}},"type":"if","locations":[{"start":{"line":54,"column":8},"end":{"line":60,"column":9}},{"start":{"line":57,"column":15},"end":{"line":60,"column":9}}],"line":54},"1":{"loc":{"start":{"line":78,"column":8},"end":{"line":83,"column":9}},"type":"if","locations":[{"start":{"line":78,"column":8},"end":{"line":83,"column":9}},{"start":{"line":81,"column":15},"end":{"line":83,"column":9}}],"line":78},"2":{"loc":{"start":{"line":97,"column":8},"end":{"line":101,"column":9}},"type":"if","locations":[{"start":{"line":97,"column":8},"end":{"line":101,"column":9}},{"start":{"line":99,"column":15},"end":{"line":101,"column":9}}],"line":97},"3":{"loc":{"start":{"line":109,"column":8},"end":{"line":113,"column":9}},"type":"if","locations":[{"start":{"line":109,"column":8},"end":{"line":113,"column":9}},{"start":{"line":111,"column":15},"end":{"line":113,"column":9}}],"line":109},"4":{"loc":{"start":{"line":121,"column":8},"end":{"line":125,"column":9}},"type":"if","locations":[{"start":{"line":121,"column":8},"end":{"line":125,"column":9}},{"start":{"line":123,"column":15},"end":{"line":125,"column":9}}],"line":121},"5":{"loc":{"start":{"line":163,"column":8},"end":{"line":167,"column":9}},"type":"if","locations":[{"start":{"line":163,"column":8},"end":{"line":167,"column":9}},{"start":{"line":165,"column":15},"end":{"line":167,"column":9}}],"line":163},"6":{"loc":{"start":{"line":204,"column":8},"end":{"line":208,"column":9}},"type":"if","locations":[{"start":{"line":204,"column":8},"end":{"line":208,"column":9}},{"start":{"line":206,"column":15},"end":{"line":208,"column":9}}],"line":204},"7":{"loc":{"start":{"line":218,"column":8},"end":{"line":227,"column":9}},"type":"if","locations":[{"start":{"line":218,"column":8},"end":{"line":227,"column":9}},{"start":{"line":220,"column":15},"end":{"line":227,"column":9}}],"line":218},"8":{"loc":{"start":{"line":238,"column":8},"end":{"line":246,"column":9}},"type":"if","locations":[{"start":{"line":238,"column":8},"end":{"line":246,"column":9}},{"start":{"line":240,"column":15},"end":{"line":246,"column":9}}],"line":238}},"s":{"0":3,"1":3,"2":3,"3":3,"4":2,"5":2,"6":2,"7":0,"8":0,"9":2,"10":2,"11":2,"12":0,"13":0,"14":0,"15":0,"16":0,"17":0,"18":0,"19":0,"20":0,"21":0,"22":0,"23":0,"24":1,"25":1,"26":1,"27":0,"28":1,"29":1,"30":0,"31":1,"32":1,"33":1,"34":0,"35":1,"36":1,"37":0,"38":1,"39":1,"40":1,"41":0,"42":1,"43":1,"44":0,"45":1,"46":1,"47":1,"48":1,"49":1,"50":0,"51":0,"52":0,"53":0,"54":0,"55":0,"56":0,"57":0,"58":0,"59":0,"60":0,"61":0,"62":0,"63":0,"64":0,"65":0,"66":0,"67":0,"68":0,"69":0,"70":0,"71":0,"72":0,"73":0,"74":0,"75":0,"76":0,"77":0,"78":0,"79":0,"80":0,"81":0,"82":0,"83":0,"84":0,"85":0,"86":0,"87":0,"88":0,"89":0,"90":0,"91":0,"92":0,"93":0,"94":0,"95":0,"96":0,"97":0,"98":0,"99":0,"100":0,"101":0,"102":0,"103":0,"104":0,"105":0},"f":{"0":3,"1":2,"2":0,"3":1,"4":0,"5":0,"6":0,"7":0,"8":0,"9":0,"10":0,"11":0,"12":0},"b":{"0":[2,0],"1":[0,0],"2":[1,0],"3":[1,0],"4":[1,0],"5":[0,0],"6":[0,0],"7":[0,0],"8":[0,0]},"_coverageSchema":"1a1c01bbd47fc00a2c39e90264f33305004495a9","hash":"b72172531a4323d5ab1725b4fa2b75966e5c2ff5"}
,"C:\\Users\\Ana Cagliari\\Documents\\Ana Cappellari\\GitHub - anacagliari\\poo-pucrs\\Ocupacao.js": {"path":"C:\\Users\\Ana Cagliari\\Documents\\Ana Cappellari\\GitHub - anacagliari\\poo-pucrs\\Ocupacao.js","statementMap":{"0":{"start":{"line":16,"column":8},"end":{"line":16,"column":42}},"1":{"start":{"line":17,"column":8},"end":{"line":17,"column":36}},"2":{"start":{"line":18,"column":8},"end":{"line":18,"column":34}},"3":{"start":{"line":19,"column":8},"end":{"line":19,"column":26}},"4":{"start":{"line":20,"column":8},"end":{"line":20,"column":26}},"5":{"start":{"line":24,"column":8},"end":{"line":24,"column":34}},"6":{"start":{"line":28,"column":8},"end":{"line":28,"column":31}},"7":{"start":{"line":32,"column":8},"end":{"line":32,"column":30}},"8":{"start":{"line":36,"column":8},"end":{"line":36,"column":26}},"9":{"start":{"line":40,"column":8},"end":{"line":40,"column":26}},"10":{"start":{"line":44,"column":8},"end":{"line":44,"column":175}}},"fnMap":{"0":{"name":"(anonymous_0)","decl":{"start":{"line":15,"column":4},"end":{"line":15,"column":5}},"loc":{"start":{"line":15,"column":64},"end":{"line":21,"column":5}},"line":15},"1":{"name":"(anonymous_1)","decl":{"start":{"line":23,"column":4},"end":{"line":23,"column":5}},"loc":{"start":{"line":23,"column":23},"end":{"line":25,"column":5}},"line":23},"2":{"name":"(anonymous_2)","decl":{"start":{"line":27,"column":4},"end":{"line":27,"column":5}},"loc":{"start":{"line":27,"column":20},"end":{"line":29,"column":5}},"line":27},"3":{"name":"(anonymous_3)","decl":{"start":{"line":31,"column":4},"end":{"line":31,"column":5}},"loc":{"start":{"line":31,"column":19},"end":{"line":33,"column":5}},"line":31},"4":{"name":"(anonymous_4)","decl":{"start":{"line":35,"column":4},"end":{"line":35,"column":5}},"loc":{"start":{"line":35,"column":15},"end":{"line":37,"column":5}},"line":35},"5":{"name":"(anonymous_5)","decl":{"start":{"line":39,"column":4},"end":{"line":39,"column":5}},"loc":{"start":{"line":39,"column":15},"end":{"line":41,"column":5}},"line":39},"6":{"name":"(anonymous_6)","decl":{"start":{"line":43,"column":4},"end":{"line":43,"column":5}},"loc":{"start":{"line":43,"column":15},"end":{"line":45,"column":5}},"line":43}},"branchMap":{},"s":{"0":29,"1":29,"2":29,"3":29,"4":29,"5":0,"6":4,"7":0,"8":1,"9":0,"10":0},"f":{"0":29,"1":0,"2":4,"3":0,"4":1,"5":0,"6":0},"b":{},"_coverageSchema":"1a1c01bbd47fc00a2c39e90264f33305004495a9","hash":"22eddf037a669ddecbdfe11039ec99f984ed1e7b"}
,"C:\\Users\\Ana Cagliari\\Documents\\Ana Cappellari\\GitHub - anacagliari\\poo-pucrs\\OcupacaoAerovia.js": {"path":"C:\\Users\\Ana Cagliari\\Documents\\Ana Cappellari\\GitHub - anacagliari\\poo-pucrs\\OcupacaoAerovia.js","statementMap":{"0":{"start":{"line":37,"column":8},"end":{"line":37,"column":28}},"1":{"start":{"line":38,"column":8},"end":{"line":38,"column":49}},"2":{"start":{"line":39,"column":8},"end":{"line":39,"column":32}},"3":{"start":{"line":46,"column":8},"end":{"line":46,"column":31}},"4":{"start":{"line":47,"column":32},"end":{"line":47,"column":34}},"5":{"start":{"line":48,"column":8},"end":{"line":53,"column":9}},"6":{"start":{"line":48,"column":21},"end":{"line":48,"column":22}},"7":{"start":{"line":49,"column":29},"end":{"line":49,"column":46}},"8":{"start":{"line":50,"column":12},"end":{"line":52,"column":13}},"9":{"start":{"line":51,"column":16},"end":{"line":51,"column":58}},"10":{"start":{"line":54,"column":8},"end":{"line":54,"column":33}},"11":{"start":{"line":61,"column":8},"end":{"line":63,"column":9}},"12":{"start":{"line":62,"column":12},"end":{"line":62,"column":46}},"13":{"start":{"line":70,"column":28},"end":{"line":70,"column":30}},"14":{"start":{"line":71,"column":8},"end":{"line":76,"column":9}},"15":{"start":{"line":71,"column":21},"end":{"line":71,"column":22}},"16":{"start":{"line":72,"column":29},"end":{"line":72,"column":46}},"17":{"start":{"line":73,"column":12},"end":{"line":75,"column":13}},"18":{"start":{"line":74,"column":16},"end":{"line":74,"column":50}},"19":{"start":{"line":77,"column":8},"end":{"line":77,"column":29}},"20":{"start":{"line":84,"column":8},"end":{"line":87,"column":9}},"21":{"start":{"line":84,"column":21},"end":{"line":84,"column":22}},"22":{"start":{"line":85,"column":27},"end":{"line":85,"column":90}},"23":{"start":{"line":86,"column":12},"end":{"line":86,"column":42}},"24":{"start":{"line":94,"column":8},"end":{"line":101,"column":9}},"25":{"start":{"line":94,"column":21},"end":{"line":94,"column":22}},"26":{"start":{"line":95,"column":12},"end":{"line":100,"column":13}},"27":{"start":{"line":95,"column":25},"end":{"line":95,"column":26}},"28":{"start":{"line":96,"column":33},"end":{"line":96,"column":50}},"29":{"start":{"line":97,"column":16},"end":{"line":99,"column":17}},"30":{"start":{"line":98,"column":20},"end":{"line":98,"column":48}},"31":{"start":{"line":108,"column":8},"end":{"line":116,"column":9}},"32":{"start":{"line":108,"column":21},"end":{"line":108,"column":22}},"33":{"start":{"line":109,"column":29},"end":{"line":109,"column":46}},"34":{"start":{"line":110,"column":12},"end":{"line":115,"column":13}},"35":{"start":{"line":114,"column":16},"end":{"line":114,"column":28}},"36":{"start":{"line":117,"column":8},"end":{"line":117,"column":21}},"37":{"start":{"line":127,"column":8},"end":{"line":129,"column":9}},"38":{"start":{"line":128,"column":12},"end":{"line":128,"column":54}},"39":{"start":{"line":130,"column":8},"end":{"line":132,"column":9}},"40":{"start":{"line":131,"column":12},"end":{"line":131,"column":55}},"41":{"start":{"line":133,"column":8},"end":{"line":135,"column":9}},"42":{"start":{"line":134,"column":12},"end":{"line":134,"column":56}},"43":{"start":{"line":136,"column":8},"end":{"line":138,"column":9}},"44":{"start":{"line":137,"column":12},"end":{"line":137,"column":46}},"45":{"start":{"line":139,"column":23},"end":{"line":139,"column":49}},"46":{"start":{"line":140,"column":20},"end":{"line":140,"column":67}},"47":{"start":{"line":141,"column":8},"end":{"line":141,"column":85}},"48":{"start":{"line":142,"column":33},"end":{"line":142,"column":127}},"49":{"start":{"line":143,"column":8},"end":{"line":143,"column":41}},"50":{"start":{"line":144,"column":27},"end":{"line":144,"column":74}},"51":{"start":{"line":145,"column":8},"end":{"line":145,"column":72}},"52":{"start":{"line":146,"column":8},"end":{"line":146,"column":28}},"53":{"start":{"line":153,"column":20},"end":{"line":153,"column":22}},"54":{"start":{"line":154,"column":26},"end":{"line":154,"column":71}},"55":{"start":{"line":155,"column":19},"end":{"line":155,"column":38}},"56":{"start":{"line":156,"column":21},"end":{"line":156,"column":42}},"57":{"start":{"line":157,"column":33},"end":{"line":157,"column":56}},"58":{"start":{"line":158,"column":8},"end":{"line":164,"column":9}},"59":{"start":{"line":158,"column":21},"end":{"line":158,"column":22}},"60":{"start":{"line":159,"column":12},"end":{"line":159,"column":22}},"61":{"start":{"line":160,"column":12},"end":{"line":162,"column":13}},"62":{"start":{"line":161,"column":16},"end":{"line":161,"column":25}},"63":{"start":{"line":163,"column":12},"end":{"line":163,"column":29}},"64":{"start":{"line":165,"column":8},"end":{"line":171,"column":9}},"65":{"start":{"line":166,"column":12},"end":{"line":166,"column":19}},"66":{"start":{"line":167,"column":12},"end":{"line":169,"column":13}},"67":{"start":{"line":168,"column":16},"end":{"line":168,"column":25}},"68":{"start":{"line":170,"column":12},"end":{"line":170,"column":29}},"69":{"start":{"line":172,"column":8},"end":{"line":172,"column":21}},"70":{"start":{"line":179,"column":8},"end":{"line":181,"column":9}},"71":{"start":{"line":180,"column":12},"end":{"line":180,"column":62}},"72":{"start":{"line":183,"column":36},"end":{"line":183,"column":57}},"73":{"start":{"line":185,"column":8},"end":{"line":187,"column":9}},"74":{"start":{"line":186,"column":12},"end":{"line":186,"column":67}},"75":{"start":{"line":189,"column":8},"end":{"line":191,"column":9}},"76":{"start":{"line":190,"column":12},"end":{"line":190,"column":50}},"77":{"start":{"line":193,"column":8},"end":{"line":197,"column":9}},"78":{"start":{"line":194,"column":12},"end":{"line":196,"column":13}},"79":{"start":{"line":195,"column":16},"end":{"line":195,"column":89}},"80":{"start":{"line":199,"column":8},"end":{"line":203,"column":9}},"81":{"start":{"line":200,"column":12},"end":{"line":202,"column":13}},"82":{"start":{"line":201,"column":16},"end":{"line":201,"column":89}},"83":{"start":{"line":205,"column":8},"end":{"line":212,"column":9}},"84":{"start":{"line":206,"column":12},"end":{"line":211,"column":13}},"85":{"start":{"line":206,"column":25},"end":{"line":206,"column":26}},"86":{"start":{"line":207,"column":29},"end":{"line":207,"column":37}},"87":{"start":{"line":208,"column":16},"end":{"line":210,"column":17}},"88":{"start":{"line":209,"column":20},"end":{"line":209,"column":95}},"89":{"start":{"line":214,"column":8},"end":{"line":219,"column":9}},"90":{"start":{"line":214,"column":21},"end":{"line":214,"column":22}},"91":{"start":{"line":215,"column":25},"end":{"line":215,"column":33}},"92":{"start":{"line":216,"column":12},"end":{"line":218,"column":13}},"93":{"start":{"line":217,"column":16},"end":{"line":217,"column":52}},"94":{"start":{"line":226,"column":23},"end":{"line":226,"column":48}},"95":{"start":{"line":227,"column":27},"end":{"line":227,"column":47}},"96":{"start":{"line":228,"column":27},"end":{"line":228,"column":47}},"97":{"start":{"line":230,"column":20},"end":{"line":230,"column":47}},"98":{"start":{"line":231,"column":20},"end":{"line":231,"column":51}},"99":{"start":{"line":232,"column":20},"end":{"line":232,"column":47}},"100":{"start":{"line":233,"column":21},"end":{"line":233,"column":48}},"101":{"start":{"line":234,"column":24},"end":{"line":234,"column":51}},"102":{"start":{"line":236,"column":8},"end":{"line":236,"column":54}},"103":{"start":{"line":243,"column":20},"end":{"line":243,"column":59}},"104":{"start":{"line":244,"column":20},"end":{"line":244,"column":64}},"105":{"start":{"line":245,"column":20},"end":{"line":245,"column":38}},"106":{"start":{"line":246,"column":8},"end":{"line":246,"column":38}},"107":{"start":{"line":254,"column":25},"end":{"line":254,"column":34}},"108":{"start":{"line":255,"column":30},"end":{"line":255,"column":56}},"109":{"start":{"line":256,"column":8},"end":{"line":261,"column":9}},"110":{"start":{"line":256,"column":21},"end":{"line":256,"column":22}},"111":{"start":{"line":257,"column":28},"end":{"line":257,"column":46}},"112":{"start":{"line":258,"column":12},"end":{"line":260,"column":13}},"113":{"start":{"line":259,"column":16},"end":{"line":259,"column":37}},"114":{"start":{"line":262,"column":8},"end":{"line":262,"column":26}},"115":{"start":{"line":270,"column":38},"end":{"line":270,"column":40}},"116":{"start":{"line":271,"column":31},"end":{"line":271,"column":57}},"117":{"start":{"line":272,"column":8},"end":{"line":277,"column":9}},"118":{"start":{"line":272,"column":21},"end":{"line":272,"column":22}},"119":{"start":{"line":273,"column":28},"end":{"line":273,"column":47}},"120":{"start":{"line":274,"column":12},"end":{"line":276,"column":13}},"121":{"start":{"line":275,"column":16},"end":{"line":275,"column":54}},"122":{"start":{"line":278,"column":8},"end":{"line":278,"column":39}},"123":{"start":{"line":286,"column":42},"end":{"line":286,"column":44}},"124":{"start":{"line":287,"column":8},"end":{"line":292,"column":9}},"125":{"start":{"line":287,"column":21},"end":{"line":287,"column":22}},"126":{"start":{"line":288,"column":28},"end":{"line":288,"column":45}},"127":{"start":{"line":289,"column":12},"end":{"line":291,"column":13}},"128":{"start":{"line":290,"column":16},"end":{"line":290,"column":58}},"129":{"start":{"line":293,"column":8},"end":{"line":293,"column":43}},"130":{"start":{"line":300,"column":8},"end":{"line":300,"column":42}},"131":{"start":{"line":307,"column":27},"end":{"line":307,"column":50}},"132":{"start":{"line":308,"column":8},"end":{"line":313,"column":9}},"133":{"start":{"line":308,"column":21},"end":{"line":308,"column":22}},"134":{"start":{"line":309,"column":26},"end":{"line":309,"column":41}},"135":{"start":{"line":310,"column":12},"end":{"line":312,"column":13}},"136":{"start":{"line":311,"column":16},"end":{"line":311,"column":95}},"137":{"start":{"line":322,"column":31},"end":{"line":322,"column":57}},"138":{"start":{"line":323,"column":8},"end":{"line":335,"column":9}},"139":{"start":{"line":323,"column":21},"end":{"line":323,"column":22}},"140":{"start":{"line":324,"column":28},"end":{"line":324,"column":47}},"141":{"start":{"line":325,"column":12},"end":{"line":334,"column":13}},"142":{"start":{"line":326,"column":16},"end":{"line":328,"column":17}},"143":{"start":{"line":327,"column":20},"end":{"line":327,"column":62}},"144":{"start":{"line":329,"column":16},"end":{"line":329,"column":94}},"145":{"start":{"line":330,"column":16},"end":{"line":330,"column":41}},"146":{"start":{"line":331,"column":16},"end":{"line":331,"column":35}},"147":{"start":{"line":332,"column":16},"end":{"line":332,"column":46}},"148":{"start":{"line":333,"column":16},"end":{"line":333,"column":23}},"149":{"start":{"line":336,"column":8},"end":{"line":336,"column":62}},"150":{"start":{"line":343,"column":8},"end":{"line":343,"column":44}}},"fnMap":{"0":{"name":"(anonymous_0)","decl":{"start":{"line":36,"column":4},"end":{"line":36,"column":5}},"loc":{"start":{"line":36,"column":19},"end":{"line":40,"column":5}},"line":36},"1":{"name":"(anonymous_1)","decl":{"start":{"line":45,"column":4},"end":{"line":45,"column":5}},"loc":{"start":{"line":45,"column":45},"end":{"line":55,"column":5}},"line":45},"2":{"name":"(anonymous_2)","decl":{"start":{"line":69,"column":4},"end":{"line":69,"column":5}},"loc":{"start":{"line":69,"column":45},"end":{"line":78,"column":5}},"line":69},"3":{"name":"(anonymous_3)","decl":{"start":{"line":83,"column":4},"end":{"line":83,"column":5}},"loc":{"start":{"line":83,"column":58},"end":{"line":88,"column":5}},"line":83},"4":{"name":"(anonymous_4)","decl":{"start":{"line":93,"column":4},"end":{"line":93,"column":5}},"loc":{"start":{"line":93,"column":45},"end":{"line":102,"column":5}},"line":93},"5":{"name":"(anonymous_5)","decl":{"start":{"line":107,"column":4},"end":{"line":107,"column":5}},"loc":{"start":{"line":107,"column":47},"end":{"line":118,"column":5}},"line":107},"6":{"name":"(anonymous_6)","decl":{"start":{"line":126,"column":4},"end":{"line":126,"column":5}},"loc":{"start":{"line":126,"column":63},"end":{"line":147,"column":5}},"line":126},"7":{"name":"(anonymous_7)","decl":{"start":{"line":253,"column":4},"end":{"line":253,"column":5}},"loc":{"start":{"line":253,"column":30},"end":{"line":263,"column":5}},"line":253},"8":{"name":"(anonymous_8)","decl":{"start":{"line":269,"column":4},"end":{"line":269,"column":5}},"loc":{"start":{"line":269,"column":29},"end":{"line":279,"column":5}},"line":269},"9":{"name":"(anonymous_9)","decl":{"start":{"line":285,"column":4},"end":{"line":285,"column":5}},"loc":{"start":{"line":285,"column":41},"end":{"line":294,"column":5}},"line":285},"10":{"name":"(anonymous_10)","decl":{"start":{"line":299,"column":4},"end":{"line":299,"column":5}},"loc":{"start":{"line":299,"column":23},"end":{"line":301,"column":5}},"line":299},"11":{"name":"(anonymous_11)","decl":{"start":{"line":321,"column":4},"end":{"line":321,"column":5}},"loc":{"start":{"line":321,"column":26},"end":{"line":337,"column":5}},"line":321},"12":{"name":"(anonymous_12)","decl":{"start":{"line":342,"column":4},"end":{"line":342,"column":5}},"loc":{"start":{"line":342,"column":20},"end":{"line":344,"column":5}},"line":342}},"branchMap":{"0":{"loc":{"start":{"line":50,"column":12},"end":{"line":52,"column":13}},"type":"if","locations":[{"start":{"line":50,"column":12},"end":{"line":52,"column":13}},{"start":{},"end":{}}],"line":50},"1":{"loc":{"start":{"line":50,"column":15},"end":{"line":50,"column":116}},"type":"binary-expr","locations":[{"start":{"line":50,"column":15},"end":{"line":50,"column":46}},{"start":{"line":50,"column":50},"end":{"line":50,"column":91}},{"start":{"line":50,"column":95},"end":{"line":50,"column":116}}],"line":50},"2":{"loc":{"start":{"line":61,"column":8},"end":{"line":63,"column":9}},"type":"if","locations":[{"start":{"line":61,"column":8},"end":{"line":63,"column":9}},{"start":{},"end":{}}],"line":61},"3":{"loc":{"start":{"line":61,"column":12},"end":{"line":61,"column":33}},"type":"binary-expr","locations":[{"start":{"line":61,"column":12},"end":{"line":61,"column":20}},{"start":{"line":61,"column":24},"end":{"line":61,"column":33}}],"line":61},"4":{"loc":{"start":{"line":73,"column":12},"end":{"line":75,"column":13}},"type":"if","locations":[{"start":{"line":73,"column":12},"end":{"line":75,"column":13}},{"start":{},"end":{}}],"line":73},"5":{"loc":{"start":{"line":73,"column":15},"end":{"line":73,"column":104}},"type":"binary-expr","locations":[{"start":{"line":73,"column":15},"end":{"line":73,"column":46}},{"start":{"line":73,"column":50},"end":{"line":73,"column":71}},{"start":{"line":73,"column":75},"end":{"line":73,"column":104}}],"line":73},"6":{"loc":{"start":{"line":97,"column":16},"end":{"line":99,"column":17}},"type":"if","locations":[{"start":{"line":97,"column":16},"end":{"line":99,"column":17}},{"start":{},"end":{}}],"line":97},"7":{"loc":{"start":{"line":97,"column":19},"end":{"line":97,"column":177}},"type":"binary-expr","locations":[{"start":{"line":97,"column":19},"end":{"line":97,"column":50}},{"start":{"line":97,"column":54},"end":{"line":97,"column":115}},{"start":{"line":97,"column":119},"end":{"line":97,"column":144}},{"start":{"line":97,"column":148},"end":{"line":97,"column":177}}],"line":97},"8":{"loc":{"start":{"line":110,"column":12},"end":{"line":115,"column":13}},"type":"if","locations":[{"start":{"line":110,"column":12},"end":{"line":115,"column":13}},{"start":{},"end":{}}],"line":110},"9":{"loc":{"start":{"line":110,"column":15},"end":{"line":113,"column":44}},"type":"binary-expr","locations":[{"start":{"line":110,"column":15},"end":{"line":110,"column":46}},{"start":{"line":111,"column":15},"end":{"line":111,"column":76}},{"start":{"line":112,"column":15},"end":{"line":112,"column":36}},{"start":{"line":113,"column":15},"end":{"line":113,"column":44}}],"line":110},"10":{"loc":{"start":{"line":127,"column":8},"end":{"line":129,"column":9}},"type":"if","locations":[{"start":{"line":127,"column":8},"end":{"line":129,"column":9}},{"start":{},"end":{}}],"line":127},"11":{"loc":{"start":{"line":130,"column":8},"end":{"line":132,"column":9}},"type":"if","locations":[{"start":{"line":130,"column":8},"end":{"line":132,"column":9}},{"start":{},"end":{}}],"line":130},"12":{"loc":{"start":{"line":133,"column":8},"end":{"line":135,"column":9}},"type":"if","locations":[{"start":{"line":133,"column":8},"end":{"line":135,"column":9}},{"start":{},"end":{}}],"line":133},"13":{"loc":{"start":{"line":136,"column":8},"end":{"line":138,"column":9}},"type":"if","locations":[{"start":{"line":136,"column":8},"end":{"line":138,"column":9}},{"start":{},"end":{}}],"line":136},"14":{"loc":{"start":{"line":160,"column":12},"end":{"line":162,"column":13}},"type":"if","locations":[{"start":{"line":160,"column":12},"end":{"line":162,"column":13}},{"start":{},"end":{}}],"line":160},"15":{"loc":{"start":{"line":165,"column":8},"end":{"line":171,"column":9}},"type":"if","locations":[{"start":{"line":165,"column":8},"end":{"line":171,"column":9}},{"start":{},"end":{}}],"line":165},"16":{"loc":{"start":{"line":167,"column":12},"end":{"line":169,"column":13}},"type":"if","locations":[{"start":{"line":167,"column":12},"end":{"line":169,"column":13}},{"start":{},"end":{}}],"line":167},"17":{"loc":{"start":{"line":179,"column":8},"end":{"line":181,"column":9}},"type":"if","locations":[{"start":{"line":179,"column":8},"end":{"line":181,"column":9}},{"start":{},"end":{}}],"line":179},"18":{"loc":{"start":{"line":185,"column":8},"end":{"line":187,"column":9}},"type":"if","locations":[{"start":{"line":185,"column":8},"end":{"line":187,"column":9}},{"start":{},"end":{}}],"line":185},"19":{"loc":{"start":{"line":189,"column":8},"end":{"line":191,"column":9}},"type":"if","locations":[{"start":{"line":189,"column":8},"end":{"line":191,"column":9}},{"start":{},"end":{}}],"line":189},"20":{"loc":{"start":{"line":189,"column":12},"end":{"line":189,"column":48}},"type":"binary-expr","locations":[{"start":{"line":189,"column":12},"end":{"line":189,"column":28}},{"start":{"line":189,"column":32},"end":{"line":189,"column":48}}],"line":189},"21":{"loc":{"start":{"line":193,"column":8},"end":{"line":197,"column":9}},"type":"if","locations":[{"start":{"line":193,"column":8},"end":{"line":197,"column":9}},{"start":{},"end":{}}],"line":193},"22":{"loc":{"start":{"line":194,"column":12},"end":{"line":196,"column":13}},"type":"if","locations":[{"start":{"line":194,"column":12},"end":{"line":196,"column":13}},{"start":{},"end":{}}],"line":194},"23":{"loc":{"start":{"line":194,"column":16},"end":{"line":194,"column":52}},"type":"binary-expr","locations":[{"start":{"line":194,"column":16},"end":{"line":194,"column":32}},{"start":{"line":194,"column":36},"end":{"line":194,"column":52}}],"line":194},"24":{"loc":{"start":{"line":199,"column":8},"end":{"line":203,"column":9}},"type":"if","locations":[{"start":{"line":199,"column":8},"end":{"line":203,"column":9}},{"start":{},"end":{}}],"line":199},"25":{"loc":{"start":{"line":200,"column":12},"end":{"line":202,"column":13}},"type":"if","locations":[{"start":{"line":200,"column":12},"end":{"line":202,"column":13}},{"start":{},"end":{}}],"line":200},"26":{"loc":{"start":{"line":205,"column":8},"end":{"line":212,"column":9}},"type":"if","locations":[{"start":{"line":205,"column":8},"end":{"line":212,"column":9}},{"start":{},"end":{}}],"line":205},"27":{"loc":{"start":{"line":208,"column":16},"end":{"line":210,"column":17}},"type":"if","locations":[{"start":{"line":208,"column":16},"end":{"line":210,"column":17}},{"start":{},"end":{}}],"line":208},"28":{"loc":{"start":{"line":216,"column":12},"end":{"line":218,"column":13}},"type":"if","locations":[{"start":{"line":216,"column":12},"end":{"line":218,"column":13}},{"start":{},"end":{}}],"line":216},"29":{"loc":{"start":{"line":258,"column":12},"end":{"line":260,"column":13}},"type":"if","locations":[{"start":{"line":258,"column":12},"end":{"line":260,"column":13}},{"start":{},"end":{}}],"line":258},"30":{"loc":{"start":{"line":274,"column":12},"end":{"line":276,"column":13}},"type":"if","locations":[{"start":{"line":274,"column":12},"end":{"line":276,"column":13}},{"start":{},"end":{}}],"line":274},"31":{"loc":{"start":{"line":289,"column":12},"end":{"line":291,"column":13}},"type":"if","locations":[{"start":{"line":289,"column":12},"end":{"line":291,"column":13}},{"start":{},"end":{}}],"line":289},"32":{"loc":{"start":{"line":289,"column":16},"end":{"line":289,"column":90}},"type":"binary-expr","locations":[{"start":{"line":289,"column":16},"end":{"line":289,"column":56}},{"start":{"line":289,"column":60},"end":{"line":289,"column":90}}],"line":289},"33":{"loc":{"start":{"line":310,"column":12},"end":{"line":312,"column":13}},"type":"if","locations":[{"start":{"line":310,"column":12},"end":{"line":312,"column":13}},{"start":{},"end":{}}],"line":310},"34":{"loc":{"start":{"line":325,"column":12},"end":{"line":334,"column":13}},"type":"if","locations":[{"start":{"line":325,"column":12},"end":{"line":334,"column":13}},{"start":{},"end":{}}],"line":325},"35":{"loc":{"start":{"line":326,"column":16},"end":{"line":328,"column":17}},"type":"if","locations":[{"start":{"line":326,"column":16},"end":{"line":328,"column":17}},{"start":{},"end":{}}],"line":326}},"s":{"0":7,"1":7,"2":7,"3":0,"4":0,"5":0,"6":0,"7":0,"8":0,"9":0,"10":0,"11":0,"12":0,"13":0,"14":0,"15":0,"16":0,"17":0,"18":0,"19":0,"20":22,"21":22,"22":29,"23":29,"24":0,"25":0,"26":0,"27":0,"28":0,"29":0,"30":0,"31":1,"32":1,"33":4,"34":4,"35":0,"36":1,"37":1,"38":0,"39":1,"40":0,"41":1,"42":0,"43":1,"44":0,"45":1,"46":1,"47":1,"48":1,"49":1,"50":1,"51":1,"52":1,"53":1,"54":1,"55":1,"56":1,"57":1,"58":1,"59":1,"60":1,"61":1,"62":0,"63":1,"64":1,"65":0,"66":0,"67":0,"68":0,"69":1,"70":1,"71":0,"72":1,"73":1,"74":0,"75":1,"76":0,"77":1,"78":0,"79":0,"80":1,"81":1,"82":0,"83":1,"84":0,"85":0,"86":0,"87":0,"88":0,"89":1,"90":1,"91":1,"92":1,"93":0,"94":1,"95":1,"96":1,"97":1,"98":1,"99":1,"100":1,"101":1,"102":1,"103":2,"104":2,"105":2,"106":2,"107":2,"108":2,"109":2,"110":2,"111":8,"112":8,"113":0,"114":2,"115":0,"116":0,"117":0,"118":0,"119":0,"120":0,"121":0,"122":0,"123":0,"124":0,"125":0,"126":0,"127":0,"128":0,"129":0,"130":7,"131":7,"132":7,"133":7,"134":28,"135":28,"136":21,"137":2,"138":2,"139":2,"140":8,"141":8,"142":0,"143":0,"144":0,"145":0,"146":0,"147":0,"148":0,"149":2,"150":0},"f":{"0":7,"1":0,"2":0,"3":22,"4":0,"5":1,"6":1,"7":2,"8":0,"9":0,"10":7,"11":2,"12":0},"b":{"0":[0,0],"1":[0,0,0],"2":[0,0],"3":[0,0],"4":[0,0],"5":[0,0,0],"6":[0,0],"7":[0,0,0,0],"8":[0,4],"9":[4,1,0,0],"10":[0,1],"11":[0,1],"12":[0,1],"13":[0,1],"14":[0,1],"15":[0,1],"16":[0,0],"17":[0,1],"18":[0,1],"19":[0,1],"20":[1,1],"21":[0,1],"22":[0,0],"23":[0,0],"24":[1,0],"25":[0,1],"26":[0,1],"27":[0,0],"28":[0,1],"29":[0,8],"30":[0,0],"31":[0,0],"32":[0,0],"33":[21,7],"34":[0,8],"35":[0,0]},"_coverageSchema":"1a1c01bbd47fc00a2c39e90264f33305004495a9","hash":"1d786e086894f8faeea4f467d4a4448ea1228bb9"}
,"C:\\Users\\Ana Cagliari\\Documents\\Ana Cappellari\\GitHub - anacagliari\\poo-pucrs\\Piloto.js": {"path":"C:\\Users\\Ana Cagliari\\Documents\\Ana Cappellari\\GitHub - anacagliari\\poo-pucrs\\Piloto.js","statementMap":{"0":{"start":{"line":16,"column":8},"end":{"line":16,"column":61}},"1":{"start":{"line":18,"column":8},"end":{"line":18,"column":36}},"2":{"start":{"line":19,"column":8},"end":{"line":19,"column":26}},"3":{"start":{"line":20,"column":8},"end":{"line":20,"column":50}},"4":{"start":{"line":24,"column":8},"end":{"line":24,"column":31}},"5":{"start":{"line":28,"column":8},"end":{"line":28,"column":26}},"6":{"start":{"line":32,"column":8},"end":{"line":32,"column":38}},"7":{"start":{"line":36,"column":8},"end":{"line":38,"column":9}},"8":{"start":{"line":37,"column":12},"end":{"line":37,"column":27}},"9":{"start":{"line":39,"column":8},"end":{"line":39,"column":25}},"10":{"start":{"line":43,"column":8},"end":{"line":43,"column":114}}},"fnMap":{"0":{"name":"(anonymous_0)","decl":{"start":{"line":15,"column":4},"end":{"line":15,"column":5}},"loc":{"start":{"line":15,"column":51},"end":{"line":21,"column":5}},"line":15},"1":{"name":"(anonymous_1)","decl":{"start":{"line":23,"column":4},"end":{"line":23,"column":5}},"loc":{"start":{"line":23,"column":19},"end":{"line":25,"column":5}},"line":23},"2":{"name":"(anonymous_2)","decl":{"start":{"line":27,"column":4},"end":{"line":27,"column":5}},"loc":{"start":{"line":27,"column":14},"end":{"line":29,"column":5}},"line":27},"3":{"name":"(anonymous_3)","decl":{"start":{"line":31,"column":4},"end":{"line":31,"column":5}},"loc":{"start":{"line":31,"column":26},"end":{"line":33,"column":5}},"line":31},"4":{"name":"(anonymous_4)","decl":{"start":{"line":42,"column":4},"end":{"line":42,"column":5}},"loc":{"start":{"line":42,"column":14},"end":{"line":44,"column":5}},"line":42}},"branchMap":{"0":{"loc":{"start":{"line":36,"column":8},"end":{"line":38,"column":9}},"type":"if","locations":[{"start":{"line":36,"column":8},"end":{"line":38,"column":9}},{"start":{},"end":{}}],"line":36}},"s":{"0":18,"1":18,"2":18,"3":18,"4":4,"5":0,"6":1,"7":1,"8":1,"9":0,"10":1},"f":{"0":18,"1":4,"2":0,"3":1,"4":1},"b":{"0":[1,0]},"_coverageSchema":"1a1c01bbd47fc00a2c39e90264f33305004495a9","hash":"e8eb2ea1d9b554ef709a747d73039436a6aa4bdf"}
,"C:\\Users\\Ana Cagliari\\Documents\\Ana Cappellari\\GitHub - anacagliari\\poo-pucrs\\PlanoDeVoo.js": {"path":"C:\\Users\\Ana Cagliari\\Documents\\Ana Cappellari\\GitHub - anacagliari\\poo-pucrs\\PlanoDeVoo.js","statementMap":{"0":{"start":{"line":26,"column":8},"end":{"line":26,"column":22}},"1":{"start":{"line":27,"column":8},"end":{"line":27,"column":42}},"2":{"start":{"line":28,"column":8},"end":{"line":28,"column":36}},"3":{"start":{"line":29,"column":8},"end":{"line":29,"column":48}},"4":{"start":{"line":30,"column":8},"end":{"line":30,"column":26}},"5":{"start":{"line":31,"column":8},"end":{"line":31,"column":34}},"6":{"start":{"line":32,"column":8},"end":{"line":32,"column":36}},"7":{"start":{"line":33,"column":8},"end":{"line":33,"column":25}},"8":{"start":{"line":37,"column":8},"end":{"line":37,"column":24}},"9":{"start":{"line":41,"column":8},"end":{"line":41,"column":34}},"10":{"start":{"line":45,"column":8},"end":{"line":45,"column":31}},"11":{"start":{"line":49,"column":8},"end":{"line":49,"column":37}},"12":{"start":{"line":53,"column":8},"end":{"line":53,"column":26}},"13":{"start":{"line":57,"column":8},"end":{"line":57,"column":30}},"14":{"start":{"line":61,"column":8},"end":{"line":61,"column":27}},"15":{"start":{"line":65,"column":8},"end":{"line":65,"column":31}},"16":{"start":{"line":69,"column":8},"end":{"line":69,"column":22}},"17":{"start":{"line":73,"column":8},"end":{"line":73,"column":42}},"18":{"start":{"line":77,"column":8},"end":{"line":77,"column":36}},"19":{"start":{"line":81,"column":8},"end":{"line":81,"column":48}},"20":{"start":{"line":85,"column":8},"end":{"line":85,"column":26}},"21":{"start":{"line":89,"column":8},"end":{"line":89,"column":34}},"22":{"start":{"line":93,"column":8},"end":{"line":93,"column":28}},"23":{"start":{"line":97,"column":8},"end":{"line":97,"column":36}},"24":{"start":{"line":101,"column":20},"end":{"line":101,"column":59}},"25":{"start":{"line":102,"column":20},"end":{"line":102,"column":64}},"26":{"start":{"line":103,"column":20},"end":{"line":103,"column":38}},"27":{"start":{"line":104,"column":22},"end":{"line":104,"column":62}},"28":{"start":{"line":105,"column":24},"end":{"line":105,"column":66}},"29":{"start":{"line":107,"column":8},"end":{"line":107,"column":58}},"30":{"start":{"line":111,"column":22},"end":{"line":111,"column":24}},"31":{"start":{"line":112,"column":8},"end":{"line":115,"column":9}},"32":{"start":{"line":112,"column":21},"end":{"line":112,"column":22}},"33":{"start":{"line":113,"column":28},"end":{"line":113,"column":36}},"34":{"start":{"line":114,"column":12},"end":{"line":114,"column":38}},"35":{"start":{"line":116,"column":8},"end":{"line":116,"column":23}},"36":{"start":{"line":120,"column":8},"end":{"line":129,"column":9}},"37":{"start":{"line":121,"column":26},"end":{"line":121,"column":29}},"38":{"start":{"line":122,"column":12},"end":{"line":125,"column":13}},"39":{"start":{"line":122,"column":25},"end":{"line":122,"column":26}},"40":{"start":{"line":123,"column":32},"end":{"line":123,"column":40}},"41":{"start":{"line":124,"column":16},"end":{"line":124,"column":41}},"42":{"start":{"line":126,"column":12},"end":{"line":126,"column":43}},"43":{"start":{"line":127,"column":12},"end":{"line":127,"column":26}},"44":{"start":{"line":128,"column":12},"end":{"line":128,"column":27}},"45":{"start":{"line":130,"column":8},"end":{"line":130,"column":20}},"46":{"start":{"line":134,"column":8},"end":{"line":136,"column":9}},"47":{"start":{"line":135,"column":12},"end":{"line":135,"column":31}},"48":{"start":{"line":137,"column":8},"end":{"line":137,"column":26}},"49":{"start":{"line":141,"column":8},"end":{"line":141,"column":375}},"50":{"start":{"line":145,"column":8},"end":{"line":145,"column":234}}},"fnMap":{"0":{"name":"(anonymous_0)","decl":{"start":{"line":24,"column":4},"end":{"line":24,"column":5}},"loc":{"start":{"line":24,"column":89},"end":{"line":34,"column":5}},"line":24},"1":{"name":"(anonymous_1)","decl":{"start":{"line":36,"column":4},"end":{"line":36,"column":5}},"loc":{"start":{"line":36,"column":13},"end":{"line":38,"column":5}},"line":36},"2":{"name":"(anonymous_2)","decl":{"start":{"line":40,"column":4},"end":{"line":40,"column":5}},"loc":{"start":{"line":40,"column":23},"end":{"line":42,"column":5}},"line":40},"3":{"name":"(anonymous_3)","decl":{"start":{"line":44,"column":4},"end":{"line":44,"column":5}},"loc":{"start":{"line":44,"column":20},"end":{"line":46,"column":5}},"line":44},"4":{"name":"(anonymous_4)","decl":{"start":{"line":48,"column":4},"end":{"line":48,"column":5}},"loc":{"start":{"line":48,"column":26},"end":{"line":50,"column":5}},"line":48},"5":{"name":"(anonymous_5)","decl":{"start":{"line":52,"column":4},"end":{"line":52,"column":5}},"loc":{"start":{"line":52,"column":15},"end":{"line":54,"column":5}},"line":52},"6":{"name":"(anonymous_6)","decl":{"start":{"line":56,"column":4},"end":{"line":56,"column":5}},"loc":{"start":{"line":56,"column":19},"end":{"line":58,"column":5}},"line":56},"7":{"name":"(anonymous_7)","decl":{"start":{"line":60,"column":4},"end":{"line":60,"column":5}},"loc":{"start":{"line":60,"column":16},"end":{"line":62,"column":5}},"line":60},"8":{"name":"(anonymous_8)","decl":{"start":{"line":64,"column":4},"end":{"line":64,"column":5}},"loc":{"start":{"line":64,"column":20},"end":{"line":66,"column":5}},"line":64},"9":{"name":"(anonymous_9)","decl":{"start":{"line":68,"column":4},"end":{"line":68,"column":5}},"loc":{"start":{"line":68,"column":15},"end":{"line":70,"column":5}},"line":68},"10":{"name":"(anonymous_10)","decl":{"start":{"line":72,"column":4},"end":{"line":72,"column":5}},"loc":{"start":{"line":72,"column":35},"end":{"line":74,"column":5}},"line":72},"11":{"name":"(anonymous_11)","decl":{"start":{"line":76,"column":4},"end":{"line":76,"column":5}},"loc":{"start":{"line":76,"column":29},"end":{"line":78,"column":5}},"line":76},"12":{"name":"(anonymous_12)","decl":{"start":{"line":80,"column":4},"end":{"line":80,"column":5}},"loc":{"start":{"line":80,"column":41},"end":{"line":82,"column":5}},"line":80},"13":{"name":"(anonymous_13)","decl":{"start":{"line":84,"column":4},"end":{"line":84,"column":5}},"loc":{"start":{"line":84,"column":19},"end":{"line":86,"column":5}},"line":84},"14":{"name":"(anonymous_14)","decl":{"start":{"line":88,"column":4},"end":{"line":88,"column":5}},"loc":{"start":{"line":88,"column":27},"end":{"line":90,"column":5}},"line":88},"15":{"name":"(anonymous_15)","decl":{"start":{"line":92,"column":4},"end":{"line":92,"column":5}},"loc":{"start":{"line":92,"column":21},"end":{"line":94,"column":5}},"line":92},"16":{"name":"(anonymous_16)","decl":{"start":{"line":96,"column":4},"end":{"line":96,"column":5}},"loc":{"start":{"line":96,"column":29},"end":{"line":98,"column":5}},"line":96},"17":{"name":"(anonymous_17)","decl":{"start":{"line":140,"column":4},"end":{"line":140,"column":5}},"loc":{"start":{"line":140,"column":15},"end":{"line":142,"column":5}},"line":140},"18":{"name":"(anonymous_18)","decl":{"start":{"line":144,"column":4},"end":{"line":144,"column":5}},"loc":{"start":{"line":144,"column":11},"end":{"line":146,"column":5}},"line":144}},"branchMap":{"0":{"loc":{"start":{"line":120,"column":8},"end":{"line":129,"column":9}},"type":"if","locations":[{"start":{"line":120,"column":8},"end":{"line":129,"column":9}},{"start":{},"end":{}}],"line":120},"1":{"loc":{"start":{"line":134,"column":8},"end":{"line":136,"column":9}},"type":"if","locations":[{"start":{"line":134,"column":8},"end":{"line":136,"column":9}},{"start":{},"end":{}}],"line":134}},"s":{"0":29,"1":29,"2":29,"3":29,"4":29,"5":29,"6":29,"7":29,"8":38,"9":0,"10":21,"11":0,"12":21,"13":21,"14":21,"15":28,"16":1,"17":0,"18":0,"19":0,"20":0,"21":0,"22":29,"23":0,"24":0,"25":0,"26":0,"27":0,"28":0,"29":0,"30":0,"31":0,"32":0,"33":0,"34":0,"35":0,"36":0,"37":0,"38":0,"39":0,"40":0,"41":0,"42":0,"43":0,"44":0,"45":0,"46":0,"47":0,"48":0,"49":0,"50":0},"f":{"0":29,"1":38,"2":0,"3":21,"4":0,"5":21,"6":21,"7":21,"8":28,"9":1,"10":0,"11":0,"12":0,"13":0,"14":0,"15":29,"16":0,"17":0,"18":0},"b":{"0":[0,0],"1":[0,0]},"_coverageSchema":"1a1c01bbd47fc00a2c39e90264f33305004495a9","hash":"a82305e567d45f42783342c00ba3d0dc30f8ccda"}
,"C:\\Users\\Ana Cagliari\\Documents\\Ana Cappellari\\GitHub - anacagliari\\poo-pucrs\\ServicoAeronaves.js": {"path":"C:\\Users\\Ana Cagliari\\Documents\\Ana Cappellari\\GitHub - anacagliari\\poo-pucrs\\ServicoAeronaves.js","statementMap":{"0":{"start":{"line":19,"column":8},"end":{"line":19,"column":29}},"1":{"start":{"line":20,"column":8},"end":{"line":20,"column":39}},"2":{"start":{"line":28,"column":8},"end":{"line":33,"column":9}},"3":{"start":{"line":28,"column":21},"end":{"line":28,"column":22}},"4":{"start":{"line":29,"column":29},"end":{"line":29,"column":47}},"5":{"start":{"line":30,"column":12},"end":{"line":32,"column":13}},"6":{"start":{"line":31,"column":16},"end":{"line":31,"column":32}},"7":{"start":{"line":34,"column":8},"end":{"line":34,"column":25}},"8":{"start":{"line":41,"column":8},"end":{"line":41,"column":31}},"9":{"start":{"line":49,"column":22},"end":{"line":49,"column":52}},"10":{"start":{"line":52,"column":21},"end":{"line":52,"column":23}},"11":{"start":{"line":55,"column":8},"end":{"line":55,"column":22}},"12":{"start":{"line":58,"column":8},"end":{"line":72,"column":9}},"13":{"start":{"line":60,"column":24},"end":{"line":60,"column":47}},"14":{"start":{"line":62,"column":33},"end":{"line":62,"column":56}},"15":{"start":{"line":65,"column":12},"end":{"line":71,"column":13}},"16":{"start":{"line":66,"column":16},"end":{"line":66,"column":158}},"17":{"start":{"line":67,"column":19},"end":{"line":71,"column":13}},"18":{"start":{"line":68,"column":16},"end":{"line":68,"column":187}},"19":{"start":{"line":69,"column":19},"end":{"line":71,"column":13}},"20":{"start":{"line":70,"column":16},"end":{"line":70,"column":183}}},"fnMap":{"0":{"name":"(anonymous_0)","decl":{"start":{"line":18,"column":4},"end":{"line":18,"column":5}},"loc":{"start":{"line":18,"column":18},"end":{"line":21,"column":5}},"line":18},"1":{"name":"(anonymous_1)","decl":{"start":{"line":27,"column":4},"end":{"line":27,"column":5}},"loc":{"start":{"line":27,"column":32},"end":{"line":35,"column":5}},"line":27},"2":{"name":"(anonymous_2)","decl":{"start":{"line":40,"column":4},"end":{"line":40,"column":5}},"loc":{"start":{"line":40,"column":12},"end":{"line":42,"column":5}},"line":40}},"branchMap":{"0":{"loc":{"start":{"line":30,"column":12},"end":{"line":32,"column":13}},"type":"if","locations":[{"start":{"line":30,"column":12},"end":{"line":32,"column":13}},{"start":{},"end":{}}],"line":30},"1":{"loc":{"start":{"line":65,"column":12},"end":{"line":71,"column":13}},"type":"if","locations":[{"start":{"line":65,"column":12},"end":{"line":71,"column":13}},{"start":{"line":67,"column":19},"end":{"line":71,"column":13}}],"line":65},"2":{"loc":{"start":{"line":67,"column":19},"end":{"line":71,"column":13}},"type":"if","locations":[{"start":{"line":67,"column":19},"end":{"line":71,"column":13}},{"start":{"line":69,"column":19},"end":{"line":71,"column":13}}],"line":67},"3":{"loc":{"start":{"line":69,"column":19},"end":{"line":71,"column":13}},"type":"if","locations":[{"start":{"line":69,"column":19},"end":{"line":71,"column":13}},{"start":{},"end":{}}],"line":69}},"s":{"0":3,"1":3,"2":1,"3":1,"4":6,"5":6,"6":1,"7":0,"8":0,"9":3,"10":3,"11":3,"12":3,"13":18,"14":18,"15":18,"16":6,"17":12,"18":9,"19":3,"20":3},"f":{"0":3,"1":1,"2":0},"b":{"0":[1,5],"1":[6,12],"2":[9,3],"3":[3,0]},"_coverageSchema":"1a1c01bbd47fc00a2c39e90264f33305004495a9","hash":"d84a76dd76477688c91617fbe430f0860c662618"}
,"C:\\Users\\Ana Cagliari\\Documents\\Ana Cappellari\\GitHub - anacagliari\\poo-pucrs\\ServicoAerovias.js": {"path":"C:\\Users\\Ana Cagliari\\Documents\\Ana Cappellari\\GitHub - anacagliari\\poo-pucrs\\ServicoAerovias.js","statementMap":{"0":{"start":{"line":19,"column":8},"end":{"line":19,"column":28}},"1":{"start":{"line":20,"column":8},"end":{"line":20,"column":33}},"2":{"start":{"line":30,"column":8},"end":{"line":30,"column":38}},"3":{"start":{"line":31,"column":8},"end":{"line":31,"column":40}},"4":{"start":{"line":33,"column":8},"end":{"line":33,"column":33}},"5":{"start":{"line":34,"column":8},"end":{"line":34,"column":34}},"6":{"start":{"line":36,"column":8},"end":{"line":41,"column":9}},"7":{"start":{"line":36,"column":21},"end":{"line":36,"column":22}},"8":{"start":{"line":37,"column":28},"end":{"line":37,"column":45}},"9":{"start":{"line":38,"column":12},"end":{"line":40,"column":13}},"10":{"start":{"line":39,"column":16},"end":{"line":39,"column":31}},"11":{"start":{"line":42,"column":8},"end":{"line":42,"column":25}},"12":{"start":{"line":51,"column":8},"end":{"line":56,"column":9}},"13":{"start":{"line":51,"column":21},"end":{"line":51,"column":22}},"14":{"start":{"line":52,"column":28},"end":{"line":52,"column":45}},"15":{"start":{"line":53,"column":12},"end":{"line":55,"column":13}},"16":{"start":{"line":54,"column":16},"end":{"line":54,"column":31}},"17":{"start":{"line":57,"column":8},"end":{"line":57,"column":25}},"18":{"start":{"line":67,"column":8},"end":{"line":69,"column":9}},"19":{"start":{"line":68,"column":12},"end":{"line":68,"column":56}},"20":{"start":{"line":70,"column":8},"end":{"line":75,"column":9}},"21":{"start":{"line":70,"column":21},"end":{"line":70,"column":22}},"22":{"start":{"line":71,"column":27},"end":{"line":71,"column":47}},"23":{"start":{"line":72,"column":12},"end":{"line":74,"column":13}},"24":{"start":{"line":73,"column":16},"end":{"line":73,"column":60}},"25":{"start":{"line":82,"column":8},"end":{"line":82,"column":30}},"26":{"start":{"line":90,"column":22},"end":{"line":90,"column":51}},"27":{"start":{"line":93,"column":21},"end":{"line":93,"column":23}},"28":{"start":{"line":96,"column":8},"end":{"line":96,"column":22}},"29":{"start":{"line":99,"column":8},"end":{"line":106,"column":9}},"30":{"start":{"line":101,"column":22},"end":{"line":101,"column":45}},"31":{"start":{"line":103,"column":31},"end":{"line":103,"column":54}},"32":{"start":{"line":105,"column":10},"end":{"line":105,"column":128}}},"fnMap":{"0":{"name":"(anonymous_0)","decl":{"start":{"line":18,"column":4},"end":{"line":18,"column":5}},"loc":{"start":{"line":18,"column":18},"end":{"line":21,"column":5}},"line":18},"1":{"name":"(anonymous_1)","decl":{"start":{"line":29,"column":4},"end":{"line":29,"column":5}},"loc":{"start":{"line":29,"column":30},"end":{"line":43,"column":5}},"line":29},"2":{"name":"(anonymous_2)","decl":{"start":{"line":50,"column":4},"end":{"line":50,"column":5}},"loc":{"start":{"line":50,"column":22},"end":{"line":58,"column":5}},"line":50},"3":{"name":"(anonymous_3)","decl":{"start":{"line":81,"column":4},"end":{"line":81,"column":5}},"loc":{"start":{"line":81,"column":12},"end":{"line":83,"column":5}},"line":81}},"branchMap":{"0":{"loc":{"start":{"line":38,"column":12},"end":{"line":40,"column":13}},"type":"if","locations":[{"start":{"line":38,"column":12},"end":{"line":40,"column":13}},{"start":{},"end":{}}],"line":38},"1":{"loc":{"start":{"line":38,"column":16},"end":{"line":38,"column":72}},"type":"binary-expr","locations":[{"start":{"line":38,"column":16},"end":{"line":38,"column":41}},{"start":{"line":38,"column":45},"end":{"line":38,"column":72}}],"line":38},"2":{"loc":{"start":{"line":53,"column":12},"end":{"line":55,"column":13}},"type":"if","locations":[{"start":{"line":53,"column":12},"end":{"line":55,"column":13}},{"start":{},"end":{}}],"line":53},"3":{"loc":{"start":{"line":67,"column":8},"end":{"line":69,"column":9}},"type":"if","locations":[{"start":{"line":67,"column":8},"end":{"line":69,"column":9}},{"start":{},"end":{}}],"line":67},"4":{"loc":{"start":{"line":72,"column":12},"end":{"line":74,"column":13}},"type":"if","locations":[{"start":{"line":72,"column":12},"end":{"line":74,"column":13}},{"start":{},"end":{}}],"line":72},"5":{"loc":{"start":{"line":72,"column":18},"end":{"line":72,"column":50}},"type":"binary-expr","locations":[{"start":{"line":72,"column":18},"end":{"line":72,"column":32}},{"start":{"line":72,"column":36},"end":{"line":72,"column":50}}],"line":72}},"s":{"0":3,"1":3,"2":2,"3":2,"4":2,"5":2,"6":2,"7":2,"8":7,"9":7,"10":2,"11":0,"12":1,"13":1,"14":5,"15":5,"16":1,"17":0,"18":4,"19":0,"20":4,"21":4,"22":12,"23":12,"24":0,"25":0,"26":3,"27":3,"28":3,"29":3,"30":18,"31":18,"32":18},"f":{"0":3,"1":2,"2":1,"3":0},"b":{"0":[2,5],"1":[7,3],"2":[1,4],"3":[0,4],"4":[0,12],"5":[12,12]},"_coverageSchema":"1a1c01bbd47fc00a2c39e90264f33305004495a9","hash":"07b8d25b50fa6d192b118215cae9590587caecc1"}
,"C:\\Users\\Ana Cagliari\\Documents\\Ana Cappellari\\GitHub - anacagliari\\poo-pucrs\\ServicoPilotos.js": {"path":"C:\\Users\\Ana Cagliari\\Documents\\Ana Cappellari\\GitHub - anacagliari\\poo-pucrs\\ServicoPilotos.js","statementMap":{"0":{"start":{"line":18,"column":8},"end":{"line":18,"column":27}},"1":{"start":{"line":19,"column":8},"end":{"line":19,"column":32}},"2":{"start":{"line":28,"column":8},"end":{"line":28,"column":41}},"3":{"start":{"line":29,"column":8},"end":{"line":34,"column":9}},"4":{"start":{"line":29,"column":21},"end":{"line":29,"column":22}},"5":{"start":{"line":30,"column":27},"end":{"line":30,"column":43}},"6":{"start":{"line":31,"column":12},"end":{"line":33,"column":13}},"7":{"start":{"line":32,"column":16},"end":{"line":32,"column":30}},"8":{"start":{"line":35,"column":8},"end":{"line":35,"column":25}},"9":{"start":{"line":45,"column":8},"end":{"line":47,"column":9}},"10":{"start":{"line":46,"column":12},"end":{"line":46,"column":51}},"11":{"start":{"line":48,"column":8},"end":{"line":53,"column":9}},"12":{"start":{"line":48,"column":21},"end":{"line":48,"column":22}},"13":{"start":{"line":49,"column":28},"end":{"line":49,"column":47}},"14":{"start":{"line":50,"column":12},"end":{"line":52,"column":13}},"15":{"start":{"line":51,"column":16},"end":{"line":51,"column":55}},"16":{"start":{"line":60,"column":8},"end":{"line":60,"column":29}},"17":{"start":{"line":68,"column":22},"end":{"line":68,"column":50}},"18":{"start":{"line":71,"column":21},"end":{"line":71,"column":23}},"19":{"start":{"line":74,"column":8},"end":{"line":74,"column":22}},"20":{"start":{"line":77,"column":8},"end":{"line":84,"column":9}},"21":{"start":{"line":79,"column":24},"end":{"line":79,"column":47}},"22":{"start":{"line":81,"column":33},"end":{"line":81,"column":56}},"23":{"start":{"line":83,"column":12},"end":{"line":83,"column":109}}},"fnMap":{"0":{"name":"(anonymous_0)","decl":{"start":{"line":17,"column":4},"end":{"line":17,"column":5}},"loc":{"start":{"line":17,"column":18},"end":{"line":20,"column":5}},"line":17},"1":{"name":"(anonymous_1)","decl":{"start":{"line":27,"column":4},"end":{"line":27,"column":5}},"loc":{"start":{"line":27,"column":24},"end":{"line":36,"column":5}},"line":27},"2":{"name":"(anonymous_2)","decl":{"start":{"line":59,"column":4},"end":{"line":59,"column":5}},"loc":{"start":{"line":59,"column":12},"end":{"line":61,"column":5}},"line":59}},"branchMap":{"0":{"loc":{"start":{"line":31,"column":12},"end":{"line":33,"column":13}},"type":"if","locations":[{"start":{"line":31,"column":12},"end":{"line":33,"column":13}},{"start":{},"end":{}}],"line":31},"1":{"loc":{"start":{"line":45,"column":8},"end":{"line":47,"column":9}},"type":"if","locations":[{"start":{"line":45,"column":8},"end":{"line":47,"column":9}},{"start":{},"end":{}}],"line":45},"2":{"loc":{"start":{"line":50,"column":12},"end":{"line":52,"column":13}},"type":"if","locations":[{"start":{"line":50,"column":12},"end":{"line":52,"column":13}},{"start":{},"end":{}}],"line":50},"3":{"loc":{"start":{"line":50,"column":16},"end":{"line":50,"column":50}},"type":"binary-expr","locations":[{"start":{"line":50,"column":16},"end":{"line":50,"column":31}},{"start":{"line":50,"column":35},"end":{"line":50,"column":50}}],"line":50}},"s":{"0":3,"1":3,"2":1,"3":1,"4":1,"5":3,"6":3,"7":1,"8":0,"9":1,"10":0,"11":1,"12":1,"13":4,"14":4,"15":0,"16":0,"17":3,"18":3,"19":3,"20":3,"21":18,"22":18,"23":18},"f":{"0":3,"1":1,"2":0},"b":{"0":[1,2],"1":[0,1],"2":[0,4],"3":[4,4]},"_coverageSchema":"1a1c01bbd47fc00a2c39e90264f33305004495a9","hash":"ecd857d5c1af2b61c26061fde9e2876c8821f4a1"}
,"C:\\Users\\Ana Cagliari\\Documents\\Ana Cappellari\\GitHub - anacagliari\\poo-pucrs\\ServicoPlanos.js": {"path":"C:\\Users\\Ana Cagliari\\Documents\\Ana Cappellari\\GitHub - anacagliari\\poo-pucrs\\ServicoPlanos.js","statementMap":{"0":{"start":{"line":20,"column":8},"end":{"line":20,"column":26}},"1":{"start":{"line":21,"column":8},"end":{"line":21,"column":26}},"2":{"start":{"line":22,"column":8},"end":{"line":22,"column":31}},"3":{"start":{"line":31,"column":8},"end":{"line":31,"column":27}},"4":{"start":{"line":32,"column":8},"end":{"line":37,"column":9}},"5":{"start":{"line":32,"column":21},"end":{"line":32,"column":22}},"6":{"start":{"line":33,"column":26},"end":{"line":33,"column":41}},"7":{"start":{"line":34,"column":12},"end":{"line":36,"column":13}},"8":{"start":{"line":35,"column":16},"end":{"line":35,"column":29}},"9":{"start":{"line":38,"column":8},"end":{"line":38,"column":25}},"10":{"start":{"line":46,"column":8},"end":{"line":51,"column":9}},"11":{"start":{"line":46,"column":21},"end":{"line":46,"column":22}},"12":{"start":{"line":47,"column":28},"end":{"line":47,"column":40}},"13":{"start":{"line":48,"column":12},"end":{"line":50,"column":13}},"14":{"start":{"line":49,"column":16},"end":{"line":49,"column":48}},"15":{"start":{"line":58,"column":8},"end":{"line":58,"column":28}},"16":{"start":{"line":66,"column":22},"end":{"line":66,"column":55}},"17":{"start":{"line":69,"column":21},"end":{"line":69,"column":23}},"18":{"start":{"line":72,"column":8},"end":{"line":72,"column":22}},"19":{"start":{"line":75,"column":8},"end":{"line":87,"column":9}},"20":{"start":{"line":77,"column":24},"end":{"line":77,"column":47}},"21":{"start":{"line":79,"column":33},"end":{"line":79,"column":56}},"22":{"start":{"line":81,"column":24},"end":{"line":81,"column":199}},"23":{"start":{"line":82,"column":12},"end":{"line":82,"column":56}},"24":{"start":{"line":83,"column":12},"end":{"line":83,"column":37}},"25":{"start":{"line":84,"column":12},"end":{"line":86,"column":13}},"26":{"start":{"line":85,"column":16},"end":{"line":85,"column":50}},"27":{"start":{"line":94,"column":27},"end":{"line":94,"column":51}},"28":{"start":{"line":95,"column":8},"end":{"line":95,"column":32}},"29":{"start":{"line":96,"column":8},"end":{"line":96,"column":33}},"30":{"start":{"line":97,"column":8},"end":{"line":97,"column":24}},"31":{"start":{"line":104,"column":8},"end":{"line":104,"column":24}},"32":{"start":{"line":105,"column":8},"end":{"line":105,"column":29}},"33":{"start":{"line":112,"column":23},"end":{"line":112,"column":48}},"34":{"start":{"line":113,"column":27},"end":{"line":113,"column":47}},"35":{"start":{"line":114,"column":27},"end":{"line":114,"column":47}},"36":{"start":{"line":116,"column":20},"end":{"line":116,"column":47}},"37":{"start":{"line":117,"column":20},"end":{"line":117,"column":51}},"38":{"start":{"line":118,"column":20},"end":{"line":118,"column":47}},"39":{"start":{"line":119,"column":21},"end":{"line":119,"column":48}},"40":{"start":{"line":120,"column":24},"end":{"line":120,"column":51}},"41":{"start":{"line":122,"column":8},"end":{"line":122,"column":54}},"42":{"start":{"line":129,"column":32},"end":{"line":129,"column":105}},"43":{"start":{"line":130,"column":8},"end":{"line":133,"column":9}},"44":{"start":{"line":130,"column":21},"end":{"line":130,"column":22}},"45":{"start":{"line":131,"column":28},"end":{"line":131,"column":43}},"46":{"start":{"line":132,"column":12},"end":{"line":132,"column":56}},"47":{"start":{"line":134,"column":8},"end":{"line":138,"column":11}},"48":{"start":{"line":135,"column":12},"end":{"line":135,"column":56}},"49":{"start":{"line":137,"column":12},"end":{"line":137,"column":63}},"50":{"start":{"line":145,"column":8},"end":{"line":153,"column":11}},"51":{"start":{"line":146,"column":12},"end":{"line":152,"column":15}},"52":{"start":{"line":147,"column":16},"end":{"line":150,"column":17}},"53":{"start":{"line":148,"column":20},"end":{"line":148,"column":32}},"54":{"start":{"line":149,"column":20},"end":{"line":149,"column":27}},"55":{"start":{"line":151,"column":16},"end":{"line":151,"column":26}}},"fnMap":{"0":{"name":"(anonymous_0)","decl":{"start":{"line":19,"column":4},"end":{"line":19,"column":5}},"loc":{"start":{"line":19,"column":18},"end":{"line":23,"column":5}},"line":19},"1":{"name":"(anonymous_1)","decl":{"start":{"line":30,"column":4},"end":{"line":30,"column":5}},"loc":{"start":{"line":30,"column":17},"end":{"line":39,"column":5}},"line":30},"2":{"name":"(anonymous_2)","decl":{"start":{"line":57,"column":4},"end":{"line":57,"column":5}},"loc":{"start":{"line":57,"column":12},"end":{"line":59,"column":5}},"line":57},"3":{"name":"(anonymous_3)","decl":{"start":{"line":93,"column":4},"end":{"line":93,"column":5}},"loc":{"start":{"line":93,"column":20},"end":{"line":98,"column":5}},"line":93},"4":{"name":"(anonymous_4)","decl":{"start":{"line":128,"column":4},"end":{"line":128,"column":5}},"loc":{"start":{"line":128,"column":20},"end":{"line":139,"column":5}},"line":128},"5":{"name":"(anonymous_5)","decl":{"start":{"line":134,"column":72},"end":{"line":134,"column":73}},"loc":{"start":{"line":134,"column":78},"end":{"line":136,"column":9}},"line":134},"6":{"name":"(anonymous_6)","decl":{"start":{"line":136,"column":17},"end":{"line":136,"column":18}},"loc":{"start":{"line":136,"column":26},"end":{"line":138,"column":9}},"line":136},"7":{"name":"(anonymous_7)","decl":{"start":{"line":144,"column":4},"end":{"line":144,"column":5}},"loc":{"start":{"line":144,"column":39},"end":{"line":154,"column":5}},"line":144},"8":{"name":"(anonymous_8)","decl":{"start":{"line":145,"column":27},"end":{"line":145,"column":28}},"loc":{"start":{"line":145,"column":48},"end":{"line":153,"column":9}},"line":145},"9":{"name":"(anonymous_9)","decl":{"start":{"line":146,"column":44},"end":{"line":146,"column":45}},"loc":{"start":{"line":146,"column":53},"end":{"line":152,"column":13}},"line":146}},"branchMap":{"0":{"loc":{"start":{"line":34,"column":12},"end":{"line":36,"column":13}},"type":"if","locations":[{"start":{"line":34,"column":12},"end":{"line":36,"column":13}},{"start":{},"end":{}}],"line":34},"1":{"loc":{"start":{"line":48,"column":12},"end":{"line":50,"column":13}},"type":"if","locations":[{"start":{"line":48,"column":12},"end":{"line":50,"column":13}},{"start":{},"end":{}}],"line":48},"2":{"loc":{"start":{"line":48,"column":16},"end":{"line":48,"column":50}},"type":"binary-expr","locations":[{"start":{"line":48,"column":16},"end":{"line":48,"column":31}},{"start":{"line":48,"column":35},"end":{"line":48,"column":50}}],"line":48},"3":{"loc":{"start":{"line":84,"column":12},"end":{"line":86,"column":13}},"type":"if","locations":[{"start":{"line":84,"column":12},"end":{"line":86,"column":13}},{"start":{},"end":{}}],"line":84},"4":{"loc":{"start":{"line":147,"column":16},"end":{"line":150,"column":17}},"type":"if","locations":[{"start":{"line":147,"column":16},"end":{"line":150,"column":17}},{"start":{},"end":{}}],"line":147}},"s":{"0":7,"1":7,"2":7,"3":0,"4":0,"5":0,"6":0,"7":0,"8":0,"9":0,"10":0,"11":0,"12":0,"13":0,"14":0,"15":11,"16":7,"17":7,"18":7,"19":7,"20":28,"21":28,"22":28,"23":28,"24":28,"25":28,"26":28,"27":1,"28":1,"29":1,"30":1,"31":1,"32":1,"33":28,"34":28,"35":28,"36":28,"37":28,"38":28,"39":28,"40":28,"41":28,"42":0,"43":0,"44":0,"45":0,"46":0,"47":0,"48":0,"49":0,"50":0,"51":0,"52":0,"53":0,"54":0,"55":0},"f":{"0":7,"1":0,"2":11,"3":1,"4":0,"5":0,"6":0,"7":0,"8":0,"9":0},"b":{"0":[0,0],"1":[0,0],"2":[0,0],"3":[28,0],"4":[0,0]},"_coverageSchema":"1a1c01bbd47fc00a2c39e90264f33305004495a9","hash":"0d4a2c754d5066654faadaf6c149c74c29ec5293"}
}
