TN:
SF:Aeronave.js
FN:14,(anonymous_0)
FN:22,(anonymous_1)
FN:26,(anonymous_2)
FN:30,(anonymous_3)
FN:34,(anonymous_4)
FNF:5
FNH:5
FNDA:18,(anonymous_0)
FNDA:7,(anonymous_1)
FNDA:1,(anonymous_2)
FNDA:1,(anonymous_3)
FNDA:1,(anonymous_4)
DA:15,18
DA:17,18
DA:18,18
DA:19,18
DA:23,7
DA:27,1
DA:31,1
DA:35,1
LF:8
LH:8
BRF:0
BRH:0
end_of_record
TN:
SF:AeronaveCarga.js
FN:15,(anonymous_0)
FN:21,(anonymous_1)
FN:25,(anonymous_2)
FNF:3
FNH:1
FNDA:3,(anonymous_0)
FNDA:0,(anonymous_1)
FNDA:0,(anonymous_2)
DA:16,3
DA:17,3
DA:18,3
DA:22,0
DA:26,0
LF:5
LH:3
BRF:0
BRH:0
end_of_record
TN:
SF:AeronaveComercial.js
FN:15,(anonymous_0)
FN:21,(anonymous_1)
FN:25,(anonymous_2)
FNF:3
FNH:2
FNDA:12,(anonymous_0)
FNDA:0,(anonymous_1)
FNDA:1,(anonymous_2)
DA:16,12
DA:17,12
DA:18,12
DA:22,0
DA:26,1
LF:5
LH:4
BRF:0
BRH:0
end_of_record
TN:
SF:AeronaveParticular.js
FN:15,(anonymous_0)
FN:21,(anonymous_1)
FN:25,(anonymous_2)
FNF:3
FNH:1
FNDA:6,(anonymous_0)
FNDA:0,(anonymous_1)
FNDA:0,(anonymous_2)
DA:16,6
DA:17,6
DA:18,6
DA:22,0
DA:26,0
LF:5
LH:3
BRF:0
BRH:0
end_of_record
TN:
SF:AeronavePassageiros.js
FN:15,(anonymous_0)
FN:21,(anonymous_1)
FN:25,(anonymous_2)
FNF:3
FNH:2
FNDA:9,(anonymous_0)
FNDA:0,(anonymous_1)
FNDA:1,(anonymous_2)
DA:16,9
DA:17,9
DA:18,9
DA:22,0
DA:26,1
LF:5
LH:4
BRF:0
BRH:0
end_of_record
TN:
SF:Aerovia.js
FN:15,(anonymous_0)
FN:24,(anonymous_1)
FN:28,(anonymous_2)
FN:32,(anonymous_3)
FN:36,(anonymous_4)
FN:40,(anonymous_5)
FNF:6
FNH:6
FNDA:18,(anonymous_0)
FNDA:8,(anonymous_1)
FNDA:7,(anonymous_2)
FNDA:3,(anonymous_3)
FNDA:2,(anonymous_4)
FNDA:5,(anonymous_5)
DA:16,18
DA:18,18
DA:19,18
DA:20,18
DA:21,18
DA:25,8
DA:29,7
DA:33,3
DA:37,2
DA:41,5
LF:10
LH:10
BRF:0
BRH:0
end_of_record
TN:
SF:Menu.js
FN:33,(anonymous_0)
FN:45,(anonymous_1)
FN:68,(anonymous_2)
FN:90,(anonymous_3)
FN:139,(anonymous_4)
FN:155,(anonymous_5)
FN:173,(anonymous_6)
FN:187,(anonymous_7)
FN:202,(anonymous_8)
FN:215,(anonymous_9)
FN:234,(anonymous_10)
FN:252,(anonymous_11)
FN:265,(anonymous_12)
FNF:13
FNH:3
FNDA:3,(anonymous_0)
FNDA:2,(anonymous_1)
FNDA:0,(anonymous_2)
FNDA:1,(anonymous_3)
FNDA:0,(anonymous_4)
FNDA:0,(anonymous_5)
FNDA:0,(anonymous_6)
FNDA:0,(anonymous_7)
FNDA:0,(anonymous_8)
FNDA:0,(anonymous_9)
FNDA:0,(anonymous_10)
FNDA:0,(anonymous_11)
FNDA:0,(anonymous_12)
DA:34,3
DA:35,3
DA:36,3
DA:37,3
DA:46,2
DA:47,2
DA:48,2
DA:50,0
DA:51,0
DA:54,2
DA:55,2
DA:56,2
DA:58,0
DA:59,0
DA:69,0
DA:70,0
DA:71,0
DA:72,0
DA:73,0
DA:75,0
DA:78,0
DA:79,0
DA:80,0
DA:82,0
DA:91,1
DA:92,1
DA:93,1
DA:95,0
DA:97,1
DA:98,1
DA:100,0
DA:103,1
DA:104,1
DA:105,1
DA:107,0
DA:109,1
DA:110,1
DA:112,0
DA:115,1
DA:116,1
DA:117,1
DA:119,0
DA:121,1
DA:122,1
DA:124,0
DA:126,1
DA:127,1
DA:128,1
DA:129,1
DA:130,1
DA:132,0
DA:140,0
DA:142,0
DA:144,0
DA:145,0
DA:146,0
DA:156,0
DA:157,0
DA:158,0
DA:160,0
DA:163,0
DA:164,0
DA:166,0
DA:174,0
DA:176,0
DA:178,0
DA:179,0
DA:180,0
DA:188,0
DA:190,0
DA:192,0
DA:193,0
DA:194,0
DA:203,0
DA:204,0
DA:205,0
DA:207,0
DA:216,0
DA:217,0
DA:218,0
DA:219,0
DA:221,0
DA:222,0
DA:223,0
DA:224,0
DA:225,0
DA:235,0
DA:236,0
DA:237,0
DA:238,0
DA:239,0
DA:241,0
DA:242,0
DA:243,0
DA:244,0
DA:253,0
DA:254,0
DA:255,0
DA:256,0
DA:258,0
DA:266,0
LF:101
LH:30
BRDA:54,0,0,2
BRDA:54,0,1,0
BRDA:78,1,0,0
BRDA:78,1,1,0
BRDA:97,2,0,1
BRDA:97,2,1,0
BRDA:109,3,0,1
BRDA:109,3,1,0
BRDA:121,4,0,1
BRDA:121,4,1,0
BRDA:163,5,0,0
BRDA:163,5,1,0
BRDA:204,6,0,0
BRDA:204,6,1,0
BRDA:218,7,0,0
BRDA:218,7,1,0
BRDA:238,8,0,0
BRDA:238,8,1,0
BRF:18
BRH:4
end_of_record
TN:
SF:Ocupacao.js
FN:15,(anonymous_0)
FN:23,(anonymous_1)
FN:27,(anonymous_2)
FN:31,(anonymous_3)
FN:35,(anonymous_4)
FN:39,(anonymous_5)
FN:43,(anonymous_6)
FNF:7
FNH:3
FNDA:29,(anonymous_0)
FNDA:0,(anonymous_1)
FNDA:4,(anonymous_2)
FNDA:0,(anonymous_3)
FNDA:1,(anonymous_4)
FNDA:0,(anonymous_5)
FNDA:0,(anonymous_6)
DA:16,29
DA:17,29
DA:18,29
DA:19,29
DA:20,29
DA:24,0
DA:28,4
DA:32,0
DA:36,1
DA:40,0
DA:44,0
LF:11
LH:7
BRF:0
BRH:0
end_of_record
TN:
SF:OcupacaoAerovia.js
FN:36,(anonymous_0)
FN:45,(anonymous_1)
FN:69,(anonymous_2)
FN:83,(anonymous_3)
FN:93,(anonymous_4)
FN:107,(anonymous_5)
FN:126,(anonymous_6)
FN:253,(anonymous_7)
FN:269,(anonymous_8)
FN:285,(anonymous_9)
FN:299,(anonymous_10)
FN:321,(anonymous_11)
FN:342,(anonymous_12)
FNF:13
FNH:7
FNDA:7,(anonymous_0)
FNDA:0,(anonymous_1)
FNDA:0,(anonymous_2)
FNDA:22,(anonymous_3)
FNDA:0,(anonymous_4)
FNDA:1,(anonymous_5)
FNDA:1,(anonymous_6)
FNDA:2,(anonymous_7)
FNDA:0,(anonymous_8)
FNDA:0,(anonymous_9)
FNDA:7,(anonymous_10)
FNDA:2,(anonymous_11)
FNDA:0,(anonymous_12)
DA:37,7
DA:38,7
DA:39,7
DA:46,0
DA:47,0
DA:48,0
DA:49,0
DA:50,0
DA:51,0
DA:54,0
DA:61,0
DA:62,0
DA:70,0
DA:71,0
DA:72,0
DA:73,0
DA:74,0
DA:77,0
DA:84,22
DA:85,29
DA:86,29
DA:94,0
DA:95,0
DA:96,0
DA:97,0
DA:98,0
DA:108,1
DA:109,4
DA:110,4
DA:114,0
DA:117,1
DA:127,1
DA:128,0
DA:130,1
DA:131,0
DA:133,1
DA:134,0
DA:136,1
DA:137,0
DA:139,1
DA:140,1
DA:141,1
DA:142,1
DA:143,1
DA:144,1
DA:145,1
DA:146,1
DA:153,1
DA:154,1
DA:155,1
DA:156,1
DA:157,1
DA:158,1
DA:159,1
DA:160,1
DA:161,0
DA:163,1
DA:165,1
DA:166,0
DA:167,0
DA:168,0
DA:170,0
DA:172,1
DA:179,1
DA:180,0
DA:183,1
DA:185,1
DA:186,0
DA:189,1
DA:190,0
DA:193,1
DA:194,0
DA:195,0
DA:199,1
DA:200,1
DA:201,0
DA:205,1
DA:206,0
DA:207,0
DA:208,0
DA:209,0
DA:214,1
DA:215,1
DA:216,1
DA:217,0
DA:226,1
DA:227,1
DA:228,1
DA:230,1
DA:231,1
DA:232,1
DA:233,1
DA:234,1
DA:236,1
DA:243,2
DA:244,2
DA:245,2
DA:246,2
DA:254,2
DA:255,2
DA:256,2
DA:257,8
DA:258,8
DA:259,0
DA:262,2
DA:270,0
DA:271,0
DA:272,0
DA:273,0
DA:274,0
DA:275,0
DA:278,0
DA:286,0
DA:287,0
DA:288,0
DA:289,0
DA:290,0
DA:293,0
DA:300,7
DA:307,7
DA:308,7
DA:309,28
DA:310,28
DA:311,21
DA:322,2
DA:323,2
DA:324,8
DA:325,8
DA:326,0
DA:327,0
DA:329,0
DA:330,0
DA:331,0
DA:332,0
DA:333,0
DA:336,2
DA:343,0
LF:137
LH:74
BRDA:50,0,0,0
BRDA:50,0,1,0
BRDA:50,1,0,0
BRDA:50,1,1,0
BRDA:50,1,2,0
BRDA:61,2,0,0
BRDA:61,2,1,0
BRDA:61,3,0,0
BRDA:61,3,1,0
BRDA:73,4,0,0
BRDA:73,4,1,0
BRDA:73,5,0,0
BRDA:73,5,1,0
BRDA:73,5,2,0
BRDA:97,6,0,0
BRDA:97,6,1,0
BRDA:97,7,0,0
BRDA:97,7,1,0
BRDA:97,7,2,0
BRDA:97,7,3,0
BRDA:110,8,0,0
BRDA:110,8,1,4
BRDA:110,9,0,4
BRDA:110,9,1,1
BRDA:110,9,2,0
BRDA:110,9,3,0
BRDA:127,10,0,0
BRDA:127,10,1,1
BRDA:130,11,0,0
BRDA:130,11,1,1
BRDA:133,12,0,0
BRDA:133,12,1,1
BRDA:136,13,0,0
BRDA:136,13,1,1
BRDA:160,14,0,0
BRDA:160,14,1,1
BRDA:165,15,0,0
BRDA:165,15,1,1
BRDA:167,16,0,0
BRDA:167,16,1,0
BRDA:179,17,0,0
BRDA:179,17,1,1
BRDA:185,18,0,0
BRDA:185,18,1,1
BRDA:189,19,0,0
BRDA:189,19,1,1
BRDA:189,20,0,1
BRDA:189,20,1,1
BRDA:193,21,0,0
BRDA:193,21,1,1
BRDA:194,22,0,0
BRDA:194,22,1,0
BRDA:194,23,0,0
BRDA:194,23,1,0
BRDA:199,24,0,1
BRDA:199,24,1,0
BRDA:200,25,0,0
BRDA:200,25,1,1
BRDA:205,26,0,0
BRDA:205,26,1,1
BRDA:208,27,0,0
BRDA:208,27,1,0
BRDA:216,28,0,0
BRDA:216,28,1,1
BRDA:258,29,0,0
BRDA:258,29,1,8
BRDA:274,30,0,0
BRDA:274,30,1,0
BRDA:289,31,0,0
BRDA:289,31,1,0
BRDA:289,32,0,0
BRDA:289,32,1,0
BRDA:310,33,0,21
BRDA:310,33,1,7
BRDA:325,34,0,0
BRDA:325,34,1,8
BRDA:326,35,0,0
BRDA:326,35,1,0
BRF:78
BRH:23
end_of_record
TN:
SF:Piloto.js
FN:15,(anonymous_0)
FN:23,(anonymous_1)
FN:27,(anonymous_2)
FN:31,(anonymous_3)
FN:42,(anonymous_4)
FNF:5
FNH:4
FNDA:18,(anonymous_0)
FNDA:4,(anonymous_1)
FNDA:0,(anonymous_2)
FNDA:1,(anonymous_3)
FNDA:1,(anonymous_4)
DA:16,18
DA:18,18
DA:19,18
DA:20,18
DA:24,4
DA:28,0
DA:32,1
DA:36,1
DA:37,1
DA:39,0
DA:43,1
LF:11
LH:9
BRDA:36,0,0,1
BRDA:36,0,1,0
BRF:2
BRH:1
end_of_record
TN:
SF:PlanoDeVoo.js
FN:24,(anonymous_0)
FN:36,(anonymous_1)
FN:40,(anonymous_2)
FN:44,(anonymous_3)
FN:48,(anonymous_4)
FN:52,(anonymous_5)
FN:56,(anonymous_6)
FN:60,(anonymous_7)
FN:64,(anonymous_8)
FN:68,(anonymous_9)
FN:72,(anonymous_10)
FN:76,(anonymous_11)
FN:80,(anonymous_12)
FN:84,(anonymous_13)
FN:88,(anonymous_14)
FN:92,(anonymous_15)
FN:96,(anonymous_16)
FN:140,(anonymous_17)
FN:144,(anonymous_18)
FNF:19
FNH:9
FNDA:29,(anonymous_0)
FNDA:38,(anonymous_1)
FNDA:0,(anonymous_2)
FNDA:21,(anonymous_3)
FNDA:0,(anonymous_4)
FNDA:21,(anonymous_5)
FNDA:21,(anonymous_6)
FNDA:21,(anonymous_7)
FNDA:28,(anonymous_8)
FNDA:1,(anonymous_9)
FNDA:0,(anonymous_10)
FNDA:0,(anonymous_11)
FNDA:0,(anonymous_12)
FNDA:0,(anonymous_13)
FNDA:0,(anonymous_14)
FNDA:29,(anonymous_15)
FNDA:0,(anonymous_16)
FNDA:0,(anonymous_17)
FNDA:0,(anonymous_18)
DA:26,29
DA:27,29
DA:28,29
DA:29,29
DA:30,29
DA:31,29
DA:32,29
DA:33,29
DA:37,38
DA:41,0
DA:45,21
DA:49,0
DA:53,21
DA:57,21
DA:61,21
DA:65,28
DA:69,1
DA:73,0
DA:77,0
DA:81,0
DA:85,0
DA:89,0
DA:93,29
DA:97,0
DA:101,0
DA:102,0
DA:103,0
DA:104,0
DA:105,0
DA:107,0
DA:111,0
DA:112,0
DA:113,0
DA:114,0
DA:116,0
DA:120,0
DA:121,0
DA:122,0
DA:123,0
DA:124,0
DA:126,0
DA:127,0
DA:128,0
DA:130,0
DA:134,0
DA:135,0
DA:137,0
DA:141,0
DA:145,0
LF:49
LH:16
BRDA:120,0,0,0
BRDA:120,0,1,0
BRDA:134,1,0,0
BRDA:134,1,1,0
BRF:4
BRH:0
end_of_record
TN:
SF:ServicoAeronaves.js
FN:18,(anonymous_0)
FN:27,(anonymous_1)
FN:40,(anonymous_2)
FNF:3
FNH:2
FNDA:3,(anonymous_0)
FNDA:1,(anonymous_1)
FNDA:0,(anonymous_2)
DA:19,3
DA:20,3
DA:28,1
DA:29,6
DA:30,6
DA:31,1
DA:34,0
DA:41,0
DA:49,3
DA:52,3
DA:55,3
DA:58,3
DA:60,18
DA:62,18
DA:65,18
DA:66,6
DA:67,12
DA:68,9
DA:69,3
DA:70,3
LF:20
LH:18
BRDA:30,0,0,1
BRDA:30,0,1,5
BRDA:65,1,0,6
BRDA:65,1,1,12
BRDA:67,2,0,9
BRDA:67,2,1,3
BRDA:69,3,0,3
BRDA:69,3,1,0
BRF:8
BRH:7
end_of_record
TN:
SF:ServicoAerovias.js
FN:18,(anonymous_0)
FN:29,(anonymous_1)
FN:50,(anonymous_2)
FN:81,(anonymous_3)
FNF:4
FNH:3
FNDA:3,(anonymous_0)
FNDA:2,(anonymous_1)
FNDA:1,(anonymous_2)
FNDA:0,(anonymous_3)
DA:19,3
DA:20,3
DA:30,2
DA:31,2
DA:33,2
DA:34,2
DA:36,2
DA:37,7
DA:38,7
DA:39,2
DA:42,0
DA:51,1
DA:52,5
DA:53,5
DA:54,1
DA:57,0
DA:67,4
DA:68,0
DA:70,4
DA:71,12
DA:72,12
DA:73,0
DA:82,0
DA:90,3
DA:93,3
DA:96,3
DA:99,3
DA:101,18
DA:103,18
DA:105,18
LF:30
LH:25
BRDA:38,0,0,2
BRDA:38,0,1,5
BRDA:38,1,0,7
BRDA:38,1,1,3
BRDA:53,2,0,1
BRDA:53,2,1,4
BRDA:67,3,0,0
BRDA:67,3,1,4
BRDA:72,4,0,0
BRDA:72,4,1,12
BRDA:72,5,0,12
BRDA:72,5,1,12
BRF:12
BRH:10
end_of_record
TN:
SF:ServicoPilotos.js
FN:17,(anonymous_0)
FN:27,(anonymous_1)
FN:59,(anonymous_2)
FNF:3
FNH:2
FNDA:3,(anonymous_0)
FNDA:1,(anonymous_1)
FNDA:0,(anonymous_2)
DA:18,3
DA:19,3
DA:28,1
DA:29,1
DA:30,3
DA:31,3
DA:32,1
DA:35,0
DA:45,1
DA:46,0
DA:48,1
DA:49,4
DA:50,4
DA:51,0
DA:60,0
DA:68,3
DA:71,3
DA:74,3
DA:77,3
DA:79,18
DA:81,18
DA:83,18
LF:22
LH:18
BRDA:31,0,0,1
BRDA:31,0,1,2
BRDA:45,1,0,0
BRDA:45,1,1,1
BRDA:50,2,0,0
BRDA:50,2,1,4
BRDA:50,3,0,4
BRDA:50,3,1,4
BRF:8
BRH:6
end_of_record
TN:
SF:ServicoPlanos.js
FN:19,(anonymous_0)
FN:30,(anonymous_1)
FN:57,(anonymous_2)
FN:93,(anonymous_3)
FN:128,(anonymous_4)
FN:134,(anonymous_5)
FN:136,(anonymous_6)
FN:144,(anonymous_7)
FN:145,(anonymous_8)
FN:146,(anonymous_9)
FNF:10
FNH:3
FNDA:7,(anonymous_0)
FNDA:0,(anonymous_1)
FNDA:11,(anonymous_2)
FNDA:1,(anonymous_3)
FNDA:0,(anonymous_4)
FNDA:0,(anonymous_5)
FNDA:0,(anonymous_6)
FNDA:0,(anonymous_7)
FNDA:0,(anonymous_8)
FNDA:0,(anonymous_9)
DA:20,7
DA:21,7
DA:22,7
DA:31,0
DA:32,0
DA:33,0
DA:34,0
DA:35,0
DA:38,0
DA:46,0
DA:47,0
DA:48,0
DA:49,0
DA:58,11
DA:66,7
DA:69,7
DA:72,7
DA:75,7
DA:77,28
DA:79,28
DA:81,28
DA:82,28
DA:83,28
DA:84,28
DA:85,28
DA:94,1
DA:95,1
DA:96,1
DA:97,1
DA:104,1
DA:105,1
DA:112,28
DA:113,28
DA:114,28
DA:116,28
DA:117,28
DA:118,28
DA:119,28
DA:120,28
DA:122,28
DA:129,0
DA:130,0
DA:131,0
DA:132,0
DA:134,0
DA:135,0
DA:137,0
DA:145,0
DA:146,0
DA:147,0
DA:148,0
DA:149,0
DA:151,0
LF:53
LH:30
BRDA:34,0,0,0
BRDA:34,0,1,0
BRDA:48,1,0,0
BRDA:48,1,1,0
BRDA:48,2,0,0
BRDA:48,2,1,0
BRDA:84,3,0,28
BRDA:84,3,1,0
BRDA:147,4,0,0
BRDA:147,4,1,0
BRF:10
BRH:1
end_of_record
